2022-04-03 15:31:36.061 INFO  [acme.Launcher@main] Starting Launcher using Java 1.8.0_281 on DESKTOP-T6DR3K2 with PID 12244 (D:\Universidad\DP 2\Practicas\Workspace-22.0\Frameworks\Acme-Framework-22.3\target\classes started by borja in D:\Universidad\DP 2\Practicas\Workspace-22.0\Projects\Acme-Toolkits\Acme-Toolkits) 
2022-04-03 15:31:36.062 DEBUG [acme.Launcher@main] Running with Spring Boot v2.4.2, Spring v5.3.3 
2022-04-03 15:31:36.063 INFO  [acme.Launcher@main] The following profiles are active: development,default 
2022-04-03 15:31:37.618 DEBUG [org.apache.jasper.servlet.JasperInitializer@main] Initializing Jasper for context [application] 
2022-04-03 15:31:40.795 DEBUG [org.apache.jasper.servlet.JspServlet@main] Scratch dir for the JSP engine is: [C:\Users\borja\AppData\Local\Temp\tomcat.8080.8672449628741083991\work\Tomcat\localhost\acme-toolkits-22.1] 
2022-04-03 15:31:40.797 DEBUG [org.apache.jasper.servlet.JspServlet@main] IMPORTANT: Do not modify the generated servlets 
2022-04-03 15:31:40.807 INFO  [acme.Launcher@main] Started Launcher in 5.157 seconds (JVM running for 5.654) 
2022-04-03 15:31:40.812 DEBUG [acme.Launcher@main] Found classpath entry '/D:/Universidad/DP%202/Practicas/Workspace-22.0/Projects/Acme-Toolkits/Acme-Toolkits/target/test-classes/' 
2022-04-03 15:31:40.813 DEBUG [acme.Launcher@main] Found classpath entry '/D:/Universidad/DP%202/Practicas/Workspace-22.0/Projects/Acme-Toolkits/Acme-Toolkits/target/classes/' 
2022-04-03 15:31:40.813 DEBUG [acme.Launcher@main] Found classpath entry '/D:/Universidad/DP%202/Practicas/Workspace-22.0/Frameworks/Acme-Framework-22.3/target/classes/' 
2022-04-03 15:31:40.813 DEBUG [acme.Launcher@main] Found classpath entry '/D:/Universidad/DP%202/Practicas/Workspace-22.0/Frameworks/Acme-Framework-22.3/target/test-classes/' 
2022-04-03 15:31:40.813 DEBUG [acme.Launcher@main] Found classpath entry '/C:/Users/borja/.m2/repository/org/springframework/boot/spring-boot-starter-tomcat/2.4.2/spring-boot-starter-tomcat-2.4.2.jar' 
2022-04-03 15:31:40.813 DEBUG [acme.Launcher@main] Found classpath entry '/C:/Users/borja/.m2/repository/jakarta/annotation/jakarta.annotation-api/1.3.5/jakarta.annotation-api-1.3.5.jar' 
2022-04-03 15:31:40.813 DEBUG [acme.Launcher@main] Found classpath entry '/C:/Users/borja/.m2/repository/org/apache/tomcat/embed/tomcat-embed-core/9.0.41/tomcat-embed-core-9.0.41.jar' 
2022-04-03 15:31:40.813 DEBUG [acme.Launcher@main] Found classpath entry '/C:/Users/borja/.m2/repository/org/glassfish/jakarta.el/3.0.3/jakarta.el-3.0.3.jar' 
2022-04-03 15:31:40.814 DEBUG [acme.Launcher@main] Found classpath entry '/C:/Users/borja/.m2/repository/org/apache/tomcat/embed/tomcat-embed-websocket/9.0.41/tomcat-embed-websocket-9.0.41.jar' 
2022-04-03 15:31:40.814 DEBUG [acme.Launcher@main] Found classpath entry '/C:/Users/borja/.m2/repository/org/apache/tomcat/embed/tomcat-embed-jasper/9.0.41/tomcat-embed-jasper-9.0.41.jar' 
2022-04-03 15:31:40.814 DEBUG [acme.Launcher@main] Found classpath entry '/C:/Users/borja/.m2/repository/org/apache/tomcat/embed/tomcat-embed-el/9.0.41/tomcat-embed-el-9.0.41.jar' 
2022-04-03 15:31:40.814 DEBUG [acme.Launcher@main] Found classpath entry '/C:/Users/borja/.m2/repository/org/eclipse/jdt/ecj/3.18.0/ecj-3.18.0.jar' 
2022-04-03 15:31:40.814 DEBUG [acme.Launcher@main] Found classpath entry '/C:/Users/borja/.m2/repository/javax/servlet/jstl/1.2/jstl-1.2.jar' 
2022-04-03 15:31:40.815 DEBUG [acme.Launcher@main] Found classpath entry '/C:/Users/borja/.m2/repository/org/springframework/boot/spring-boot-starter-test/2.4.2/spring-boot-starter-test-2.4.2.jar' 
2022-04-03 15:31:40.815 DEBUG [acme.Launcher@main] Found classpath entry '/C:/Users/borja/.m2/repository/org/springframework/boot/spring-boot-starter/2.4.2/spring-boot-starter-2.4.2.jar' 
2022-04-03 15:31:40.815 DEBUG [acme.Launcher@main] Found classpath entry '/C:/Users/borja/.m2/repository/org/springframework/boot/spring-boot/2.4.2/spring-boot-2.4.2.jar' 
2022-04-03 15:31:40.815 DEBUG [acme.Launcher@main] Found classpath entry '/C:/Users/borja/.m2/repository/org/springframework/boot/spring-boot-autoconfigure/2.4.2/spring-boot-autoconfigure-2.4.2.jar' 
2022-04-03 15:31:40.816 DEBUG [acme.Launcher@main] Found classpath entry '/C:/Users/borja/.m2/repository/org/springframework/boot/spring-boot-starter-logging/2.4.2/spring-boot-starter-logging-2.4.2.jar' 
2022-04-03 15:31:40.816 DEBUG [acme.Launcher@main] Found classpath entry '/C:/Users/borja/.m2/repository/ch/qos/logback/logback-classic/1.2.3/logback-classic-1.2.3.jar' 
2022-04-03 15:31:40.816 DEBUG [acme.Launcher@main] Found classpath entry '/C:/Users/borja/.m2/repository/ch/qos/logback/logback-core/1.2.3/logback-core-1.2.3.jar' 
2022-04-03 15:31:40.816 DEBUG [acme.Launcher@main] Found classpath entry '/C:/Users/borja/.m2/repository/org/apache/logging/log4j/log4j-to-slf4j/2.13.3/log4j-to-slf4j-2.13.3.jar' 
2022-04-03 15:31:40.817 DEBUG [acme.Launcher@main] Found classpath entry '/C:/Users/borja/.m2/repository/org/apache/logging/log4j/log4j-api/2.13.3/log4j-api-2.13.3.jar' 
2022-04-03 15:31:40.817 DEBUG [acme.Launcher@main] Found classpath entry '/C:/Users/borja/.m2/repository/org/slf4j/jul-to-slf4j/1.7.30/jul-to-slf4j-1.7.30.jar' 
2022-04-03 15:31:40.817 DEBUG [acme.Launcher@main] Found classpath entry '/C:/Users/borja/.m2/repository/org/yaml/snakeyaml/1.27/snakeyaml-1.27.jar' 
2022-04-03 15:31:40.817 DEBUG [acme.Launcher@main] Found classpath entry '/C:/Users/borja/.m2/repository/org/springframework/boot/spring-boot-test/2.4.2/spring-boot-test-2.4.2.jar' 
2022-04-03 15:31:40.817 DEBUG [acme.Launcher@main] Found classpath entry '/C:/Users/borja/.m2/repository/org/springframework/boot/spring-boot-test-autoconfigure/2.4.2/spring-boot-test-autoconfigure-2.4.2.jar' 
2022-04-03 15:31:40.817 DEBUG [acme.Launcher@main] Found classpath entry '/C:/Users/borja/.m2/repository/com/jayway/jsonpath/json-path/2.4.0/json-path-2.4.0.jar' 
2022-04-03 15:31:40.817 DEBUG [acme.Launcher@main] Found classpath entry '/C:/Users/borja/.m2/repository/net/minidev/json-smart/2.3/json-smart-2.3.jar' 
2022-04-03 15:31:40.817 DEBUG [acme.Launcher@main] Found classpath entry '/C:/Users/borja/.m2/repository/net/minidev/accessors-smart/1.2/accessors-smart-1.2.jar' 
2022-04-03 15:31:40.818 DEBUG [acme.Launcher@main] Found classpath entry '/C:/Users/borja/.m2/repository/org/ow2/asm/asm/5.0.4/asm-5.0.4.jar' 
2022-04-03 15:31:40.818 DEBUG [acme.Launcher@main] Found classpath entry '/C:/Users/borja/.m2/repository/jakarta/xml/bind/jakarta.xml.bind-api/2.3.3/jakarta.xml.bind-api-2.3.3.jar' 
2022-04-03 15:31:40.818 DEBUG [acme.Launcher@main] Found classpath entry '/C:/Users/borja/.m2/repository/jakarta/activation/jakarta.activation-api/1.2.2/jakarta.activation-api-1.2.2.jar' 
2022-04-03 15:31:40.818 DEBUG [acme.Launcher@main] Found classpath entry '/C:/Users/borja/.m2/repository/org/assertj/assertj-core/3.18.1/assertj-core-3.18.1.jar' 
2022-04-03 15:31:40.818 DEBUG [acme.Launcher@main] Found classpath entry '/C:/Users/borja/.m2/repository/org/hamcrest/hamcrest/2.2/hamcrest-2.2.jar' 
2022-04-03 15:31:40.818 DEBUG [acme.Launcher@main] Found classpath entry '/C:/Users/borja/.m2/repository/org/junit/jupiter/junit-jupiter/5.7.0/junit-jupiter-5.7.0.jar' 
2022-04-03 15:31:40.818 DEBUG [acme.Launcher@main] Found classpath entry '/C:/Users/borja/.m2/repository/org/mockito/mockito-core/3.6.28/mockito-core-3.6.28.jar' 
2022-04-03 15:31:40.819 DEBUG [acme.Launcher@main] Found classpath entry '/C:/Users/borja/.m2/repository/net/bytebuddy/byte-buddy-agent/1.10.19/byte-buddy-agent-1.10.19.jar' 
2022-04-03 15:31:40.819 DEBUG [acme.Launcher@main] Found classpath entry '/C:/Users/borja/.m2/repository/org/objenesis/objenesis/3.1/objenesis-3.1.jar' 
2022-04-03 15:31:40.819 DEBUG [acme.Launcher@main] Found classpath entry '/C:/Users/borja/.m2/repository/org/mockito/mockito-junit-jupiter/3.6.28/mockito-junit-jupiter-3.6.28.jar' 
2022-04-03 15:31:40.820 DEBUG [acme.Launcher@main] Found classpath entry '/C:/Users/borja/.m2/repository/org/skyscreamer/jsonassert/1.5.0/jsonassert-1.5.0.jar' 
2022-04-03 15:31:40.820 DEBUG [acme.Launcher@main] Found classpath entry '/C:/Users/borja/.m2/repository/com/vaadin/external/google/android-json/0.0.20131108.vaadin1/android-json-0.0.20131108.vaadin1.jar' 
2022-04-03 15:31:40.820 DEBUG [acme.Launcher@main] Found classpath entry '/C:/Users/borja/.m2/repository/org/springframework/spring-core/5.3.3/spring-core-5.3.3.jar' 
2022-04-03 15:31:40.820 DEBUG [acme.Launcher@main] Found classpath entry '/C:/Users/borja/.m2/repository/org/springframework/spring-jcl/5.3.3/spring-jcl-5.3.3.jar' 
2022-04-03 15:31:40.820 DEBUG [acme.Launcher@main] Found classpath entry '/C:/Users/borja/.m2/repository/org/springframework/spring-test/5.3.3/spring-test-5.3.3.jar' 
2022-04-03 15:31:40.821 DEBUG [acme.Launcher@main] Found classpath entry '/C:/Users/borja/.m2/repository/org/xmlunit/xmlunit-core/2.7.0/xmlunit-core-2.7.0.jar' 
2022-04-03 15:31:40.821 DEBUG [acme.Launcher@main] Found classpath entry '/C:/Users/borja/.m2/repository/org/springframework/boot/spring-boot-starter-security/2.4.2/spring-boot-starter-security-2.4.2.jar' 
2022-04-03 15:31:40.821 DEBUG [acme.Launcher@main] Found classpath entry '/C:/Users/borja/.m2/repository/org/springframework/spring-aop/5.3.3/spring-aop-5.3.3.jar' 
2022-04-03 15:31:40.821 DEBUG [acme.Launcher@main] Found classpath entry '/C:/Users/borja/.m2/repository/org/springframework/security/spring-security-web/5.4.2/spring-security-web-5.4.2.jar' 
2022-04-03 15:31:40.821 DEBUG [acme.Launcher@main] Found classpath entry '/C:/Users/borja/.m2/repository/org/springframework/security/spring-security-core/5.4.2/spring-security-core-5.4.2.jar' 
2022-04-03 15:31:40.822 DEBUG [acme.Launcher@main] Found classpath entry '/C:/Users/borja/.m2/repository/org/springframework/spring-beans/5.3.3/spring-beans-5.3.3.jar' 
2022-04-03 15:31:40.822 DEBUG [acme.Launcher@main] Found classpath entry '/C:/Users/borja/.m2/repository/org/springframework/spring-context/5.3.3/spring-context-5.3.3.jar' 
2022-04-03 15:31:40.822 DEBUG [acme.Launcher@main] Found classpath entry '/C:/Users/borja/.m2/repository/org/springframework/spring-expression/5.3.3/spring-expression-5.3.3.jar' 
2022-04-03 15:31:40.822 DEBUG [acme.Launcher@main] Found classpath entry '/C:/Users/borja/.m2/repository/org/springframework/spring-web/5.3.3/spring-web-5.3.3.jar' 
2022-04-03 15:31:40.822 DEBUG [acme.Launcher@main] Found classpath entry '/C:/Users/borja/.m2/repository/org/springframework/security/spring-security-config/5.4.2/spring-security-config-5.4.2.jar' 
2022-04-03 15:31:40.823 DEBUG [acme.Launcher@main] Found classpath entry '/C:/Users/borja/.m2/repository/org/springframework/security/spring-security-taglibs/5.4.2/spring-security-taglibs-5.4.2.jar' 
2022-04-03 15:31:40.823 DEBUG [acme.Launcher@main] Found classpath entry '/C:/Users/borja/.m2/repository/org/springframework/security/spring-security-acl/5.4.2/spring-security-acl-5.4.2.jar' 
2022-04-03 15:31:40.823 DEBUG [acme.Launcher@main] Found classpath entry '/C:/Users/borja/.m2/repository/org/springframework/spring-jdbc/5.3.3/spring-jdbc-5.3.3.jar' 
2022-04-03 15:31:40.823 DEBUG [acme.Launcher@main] Found classpath entry '/C:/Users/borja/.m2/repository/org/springframework/spring-tx/5.3.3/spring-tx-5.3.3.jar' 
2022-04-03 15:31:40.824 DEBUG [acme.Launcher@main] Found classpath entry '/C:/Users/borja/.m2/repository/org/springframework/boot/spring-boot-starter-web/2.4.2/spring-boot-starter-web-2.4.2.jar' 
2022-04-03 15:31:40.824 DEBUG [acme.Launcher@main] Found classpath entry '/C:/Users/borja/.m2/repository/org/springframework/boot/spring-boot-starter-json/2.4.2/spring-boot-starter-json-2.4.2.jar' 
2022-04-03 15:31:40.824 DEBUG [acme.Launcher@main] Found classpath entry '/C:/Users/borja/.m2/repository/com/fasterxml/jackson/core/jackson-databind/2.11.4/jackson-databind-2.11.4.jar' 
2022-04-03 15:31:40.824 DEBUG [acme.Launcher@main] Found classpath entry '/C:/Users/borja/.m2/repository/com/fasterxml/jackson/core/jackson-annotations/2.11.4/jackson-annotations-2.11.4.jar' 
2022-04-03 15:31:40.824 DEBUG [acme.Launcher@main] Found classpath entry '/C:/Users/borja/.m2/repository/com/fasterxml/jackson/core/jackson-core/2.11.4/jackson-core-2.11.4.jar' 
2022-04-03 15:31:40.824 DEBUG [acme.Launcher@main] Found classpath entry '/C:/Users/borja/.m2/repository/com/fasterxml/jackson/datatype/jackson-datatype-jdk8/2.11.4/jackson-datatype-jdk8-2.11.4.jar' 
2022-04-03 15:31:40.825 DEBUG [acme.Launcher@main] Found classpath entry '/C:/Users/borja/.m2/repository/com/fasterxml/jackson/datatype/jackson-datatype-jsr310/2.11.4/jackson-datatype-jsr310-2.11.4.jar' 
2022-04-03 15:31:40.825 DEBUG [acme.Launcher@main] Found classpath entry '/C:/Users/borja/.m2/repository/com/fasterxml/jackson/module/jackson-module-parameter-names/2.11.4/jackson-module-parameter-names-2.11.4.jar' 
2022-04-03 15:31:40.825 DEBUG [acme.Launcher@main] Found classpath entry '/C:/Users/borja/.m2/repository/org/springframework/spring-webmvc/5.3.3/spring-webmvc-5.3.3.jar' 
2022-04-03 15:31:40.825 DEBUG [acme.Launcher@main] Found classpath entry '/C:/Users/borja/.m2/repository/org/apache/tiles/tiles-jsp/3.0.8/tiles-jsp-3.0.8.jar' 
2022-04-03 15:31:40.825 DEBUG [acme.Launcher@main] Found classpath entry '/C:/Users/borja/.m2/repository/org/apache/tiles/tiles-servlet/3.0.8/tiles-servlet-3.0.8.jar' 
2022-04-03 15:31:40.826 DEBUG [acme.Launcher@main] Found classpath entry '/C:/Users/borja/.m2/repository/org/apache/tiles/tiles-core/3.0.8/tiles-core-3.0.8.jar' 
2022-04-03 15:31:40.826 DEBUG [acme.Launcher@main] Found classpath entry '/C:/Users/borja/.m2/repository/commons-digester/commons-digester/2.0/commons-digester-2.0.jar' 
2022-04-03 15:31:40.826 DEBUG [acme.Launcher@main] Found classpath entry '/C:/Users/borja/.m2/repository/org/slf4j/jcl-over-slf4j/1.7.30/jcl-over-slf4j-1.7.30.jar' 
2022-04-03 15:31:40.826 DEBUG [acme.Launcher@main] Found classpath entry '/C:/Users/borja/.m2/repository/org/apache/tiles/tiles-request-servlet/1.0.7/tiles-request-servlet-1.0.7.jar' 
2022-04-03 15:31:40.826 DEBUG [acme.Launcher@main] Found classpath entry '/C:/Users/borja/.m2/repository/org/apache/tiles/tiles-template/3.0.8/tiles-template-3.0.8.jar' 
2022-04-03 15:31:40.827 DEBUG [acme.Launcher@main] Found classpath entry '/C:/Users/borja/.m2/repository/org/apache/tiles/tiles-api/3.0.8/tiles-api-3.0.8.jar' 
2022-04-03 15:31:40.827 DEBUG [acme.Launcher@main] Found classpath entry '/C:/Users/borja/.m2/repository/org/apache/tiles/tiles-autotag-core-runtime/1.2/tiles-autotag-core-runtime-1.2.jar' 
2022-04-03 15:31:40.827 DEBUG [acme.Launcher@main] Found classpath entry '/C:/Users/borja/.m2/repository/org/slf4j/slf4j-api/1.7.30/slf4j-api-1.7.30.jar' 
2022-04-03 15:31:40.827 DEBUG [acme.Launcher@main] Found classpath entry '/C:/Users/borja/.m2/repository/org/apache/tiles/tiles-request-jsp/1.0.7/tiles-request-jsp-1.0.7.jar' 
2022-04-03 15:31:40.827 DEBUG [acme.Launcher@main] Found classpath entry '/C:/Users/borja/.m2/repository/org/apache/tiles/tiles-request-api/1.0.7/tiles-request-api-1.0.7.jar' 
2022-04-03 15:31:40.827 DEBUG [acme.Launcher@main] Found classpath entry '/C:/Users/borja/.m2/repository/org/springframework/boot/spring-boot-starter-data-jpa/2.4.2/spring-boot-starter-data-jpa-2.4.2.jar' 
2022-04-03 15:31:40.828 DEBUG [acme.Launcher@main] Found classpath entry '/C:/Users/borja/.m2/repository/org/springframework/boot/spring-boot-starter-aop/2.4.2/spring-boot-starter-aop-2.4.2.jar' 
2022-04-03 15:31:40.828 DEBUG [acme.Launcher@main] Found classpath entry '/C:/Users/borja/.m2/repository/org/aspectj/aspectjweaver/1.9.6/aspectjweaver-1.9.6.jar' 
2022-04-03 15:31:40.828 DEBUG [acme.Launcher@main] Found classpath entry '/C:/Users/borja/.m2/repository/org/springframework/boot/spring-boot-starter-jdbc/2.4.2/spring-boot-starter-jdbc-2.4.2.jar' 
2022-04-03 15:31:40.828 DEBUG [acme.Launcher@main] Found classpath entry '/C:/Users/borja/.m2/repository/jakarta/transaction/jakarta.transaction-api/1.3.3/jakarta.transaction-api-1.3.3.jar' 
2022-04-03 15:31:40.828 DEBUG [acme.Launcher@main] Found classpath entry '/C:/Users/borja/.m2/repository/jakarta/persistence/jakarta.persistence-api/2.2.3/jakarta.persistence-api-2.2.3.jar' 
2022-04-03 15:31:40.828 DEBUG [acme.Launcher@main] Found classpath entry '/C:/Users/borja/.m2/repository/org/hibernate/hibernate-core/5.4.27.Final/hibernate-core-5.4.27.Final.jar' 
2022-04-03 15:31:40.829 DEBUG [acme.Launcher@main] Found classpath entry '/C:/Users/borja/.m2/repository/org/jboss/logging/jboss-logging/3.4.1.Final/jboss-logging-3.4.1.Final.jar' 
2022-04-03 15:31:40.829 DEBUG [acme.Launcher@main] Found classpath entry '/C:/Users/borja/.m2/repository/org/javassist/javassist/3.27.0-GA/javassist-3.27.0-GA.jar' 
2022-04-03 15:31:40.829 DEBUG [acme.Launcher@main] Found classpath entry '/C:/Users/borja/.m2/repository/antlr/antlr/2.7.7/antlr-2.7.7.jar' 
2022-04-03 15:31:40.829 DEBUG [acme.Launcher@main] Found classpath entry '/C:/Users/borja/.m2/repository/org/jboss/jandex/2.1.3.Final/jandex-2.1.3.Final.jar' 
2022-04-03 15:31:40.829 DEBUG [acme.Launcher@main] Found classpath entry '/C:/Users/borja/.m2/repository/com/fasterxml/classmate/1.5.1/classmate-1.5.1.jar' 
2022-04-03 15:31:40.830 DEBUG [acme.Launcher@main] Found classpath entry '/C:/Users/borja/.m2/repository/org/dom4j/dom4j/2.1.3/dom4j-2.1.3.jar' 
2022-04-03 15:31:40.830 DEBUG [acme.Launcher@main] Found classpath entry '/C:/Users/borja/.m2/repository/org/hibernate/common/hibernate-commons-annotations/5.1.2.Final/hibernate-commons-annotations-5.1.2.Final.jar' 
2022-04-03 15:31:40.830 DEBUG [acme.Launcher@main] Found classpath entry '/C:/Users/borja/.m2/repository/org/glassfish/jaxb/jaxb-runtime/2.3.3/jaxb-runtime-2.3.3.jar' 
2022-04-03 15:31:40.830 DEBUG [acme.Launcher@main] Found classpath entry '/C:/Users/borja/.m2/repository/org/glassfish/jaxb/txw2/2.3.3/txw2-2.3.3.jar' 
2022-04-03 15:31:40.830 DEBUG [acme.Launcher@main] Found classpath entry '/C:/Users/borja/.m2/repository/com/sun/istack/istack-commons-runtime/3.0.11/istack-commons-runtime-3.0.11.jar' 
2022-04-03 15:31:40.830 DEBUG [acme.Launcher@main] Found classpath entry '/C:/Users/borja/.m2/repository/com/sun/activation/jakarta.activation/1.2.2/jakarta.activation-1.2.2.jar' 
2022-04-03 15:31:40.830 DEBUG [acme.Launcher@main] Found classpath entry '/C:/Users/borja/.m2/repository/org/springframework/data/spring-data-jpa/2.4.3/spring-data-jpa-2.4.3.jar' 
2022-04-03 15:31:40.831 DEBUG [acme.Launcher@main] Found classpath entry '/C:/Users/borja/.m2/repository/org/springframework/data/spring-data-commons/2.4.3/spring-data-commons-2.4.3.jar' 
2022-04-03 15:31:40.831 DEBUG [acme.Launcher@main] Found classpath entry '/C:/Users/borja/.m2/repository/org/springframework/spring-orm/5.3.3/spring-orm-5.3.3.jar' 
2022-04-03 15:31:40.831 DEBUG [acme.Launcher@main] Found classpath entry '/C:/Users/borja/.m2/repository/org/springframework/spring-aspects/5.3.3/spring-aspects-5.3.3.jar' 
2022-04-03 15:31:40.831 DEBUG [acme.Launcher@main] Found classpath entry '/C:/Users/borja/.m2/repository/org/springframework/boot/spring-boot-starter-validation/2.4.2/spring-boot-starter-validation-2.4.2.jar' 
2022-04-03 15:31:40.831 DEBUG [acme.Launcher@main] Found classpath entry '/C:/Users/borja/.m2/repository/org/hibernate/validator/hibernate-validator/6.1.7.Final/hibernate-validator-6.1.7.Final.jar' 
2022-04-03 15:31:40.832 DEBUG [acme.Launcher@main] Found classpath entry '/C:/Users/borja/.m2/repository/jakarta/validation/jakarta.validation-api/2.0.2/jakarta.validation-api-2.0.2.jar' 
2022-04-03 15:31:40.832 DEBUG [acme.Launcher@main] Found classpath entry '/C:/Users/borja/.m2/repository/mysql/mysql-connector-java/8.0.22/mysql-connector-java-8.0.22.jar' 
2022-04-03 15:31:40.832 DEBUG [acme.Launcher@main] Found classpath entry '/C:/Users/borja/.m2/repository/com/zaxxer/HikariCP/3.4.5/HikariCP-3.4.5.jar' 
2022-04-03 15:31:40.832 DEBUG [acme.Launcher@main] Found classpath entry '/C:/Users/borja/.m2/repository/org/junit/jupiter/junit-jupiter-engine/5.7.0/junit-jupiter-engine-5.7.0.jar' 
2022-04-03 15:31:40.833 DEBUG [acme.Launcher@main] Found classpath entry '/C:/Users/borja/.m2/repository/org/apiguardian/apiguardian-api/1.1.0/apiguardian-api-1.1.0.jar' 
2022-04-03 15:31:40.833 DEBUG [acme.Launcher@main] Found classpath entry '/C:/Users/borja/.m2/repository/org/junit/platform/junit-platform-engine/1.7.0/junit-platform-engine-1.7.0.jar' 
2022-04-03 15:31:40.833 DEBUG [acme.Launcher@main] Found classpath entry '/C:/Users/borja/.m2/repository/org/junit/jupiter/junit-jupiter-api/5.7.0/junit-jupiter-api-5.7.0.jar' 
2022-04-03 15:31:40.833 DEBUG [acme.Launcher@main] Found classpath entry '/C:/Users/borja/.m2/repository/org/opentest4j/opentest4j/1.2.0/opentest4j-1.2.0.jar' 
2022-04-03 15:31:40.833 DEBUG [acme.Launcher@main] Found classpath entry '/C:/Users/borja/.m2/repository/org/junit/platform/junit-platform-commons/1.7.0/junit-platform-commons-1.7.0.jar' 
2022-04-03 15:31:40.833 DEBUG [acme.Launcher@main] Found classpath entry '/C:/Users/borja/.m2/repository/org/junit/jupiter/junit-jupiter-params/5.7.0/junit-jupiter-params-5.7.0.jar' 
2022-04-03 15:31:40.834 DEBUG [acme.Launcher@main] Found classpath entry '/C:/Users/borja/.m2/repository/org/junit/platform/junit-platform-launcher/1.7.0/junit-platform-launcher-1.7.0.jar' 
2022-04-03 15:31:40.834 DEBUG [acme.Launcher@main] Found classpath entry '/C:/Users/borja/.m2/repository/org/seleniumhq/selenium/selenium-java/3.141.59/selenium-java-3.141.59.jar' 
2022-04-03 15:31:40.834 DEBUG [acme.Launcher@main] Found classpath entry '/C:/Users/borja/.m2/repository/org/seleniumhq/selenium/selenium-api/3.141.59/selenium-api-3.141.59.jar' 
2022-04-03 15:31:40.834 DEBUG [acme.Launcher@main] Found classpath entry '/C:/Users/borja/.m2/repository/org/seleniumhq/selenium/selenium-chrome-driver/3.141.59/selenium-chrome-driver-3.141.59.jar' 
2022-04-03 15:31:40.834 DEBUG [acme.Launcher@main] Found classpath entry '/C:/Users/borja/.m2/repository/org/seleniumhq/selenium/selenium-edge-driver/3.141.59/selenium-edge-driver-3.141.59.jar' 
2022-04-03 15:31:40.834 DEBUG [acme.Launcher@main] Found classpath entry '/C:/Users/borja/.m2/repository/org/seleniumhq/selenium/selenium-firefox-driver/3.141.59/selenium-firefox-driver-3.141.59.jar' 
2022-04-03 15:31:40.834 DEBUG [acme.Launcher@main] Found classpath entry '/C:/Users/borja/.m2/repository/org/seleniumhq/selenium/selenium-ie-driver/3.141.59/selenium-ie-driver-3.141.59.jar' 
2022-04-03 15:31:40.835 DEBUG [acme.Launcher@main] Found classpath entry '/C:/Users/borja/.m2/repository/org/seleniumhq/selenium/selenium-opera-driver/3.141.59/selenium-opera-driver-3.141.59.jar' 
2022-04-03 15:31:40.835 DEBUG [acme.Launcher@main] Found classpath entry '/C:/Users/borja/.m2/repository/org/seleniumhq/selenium/selenium-remote-driver/3.141.59/selenium-remote-driver-3.141.59.jar' 
2022-04-03 15:31:40.835 DEBUG [acme.Launcher@main] Found classpath entry '/C:/Users/borja/.m2/repository/org/seleniumhq/selenium/selenium-safari-driver/3.141.59/selenium-safari-driver-3.141.59.jar' 
2022-04-03 15:31:40.835 DEBUG [acme.Launcher@main] Found classpath entry '/C:/Users/borja/.m2/repository/org/seleniumhq/selenium/selenium-support/3.141.59/selenium-support-3.141.59.jar' 
2022-04-03 15:31:40.835 DEBUG [acme.Launcher@main] Found classpath entry '/C:/Users/borja/.m2/repository/net/bytebuddy/byte-buddy/1.10.19/byte-buddy-1.10.19.jar' 
2022-04-03 15:31:40.835 DEBUG [acme.Launcher@main] Found classpath entry '/C:/Users/borja/.m2/repository/org/apache/commons/commons-exec/1.3/commons-exec-1.3.jar' 
2022-04-03 15:31:40.835 DEBUG [acme.Launcher@main] Found classpath entry '/C:/Users/borja/.m2/repository/com/google/guava/guava/25.0-jre/guava-25.0-jre.jar' 
2022-04-03 15:31:40.835 DEBUG [acme.Launcher@main] Found classpath entry '/C:/Users/borja/.m2/repository/com/google/code/findbugs/jsr305/1.3.9/jsr305-1.3.9.jar' 
2022-04-03 15:31:40.835 DEBUG [acme.Launcher@main] Found classpath entry '/C:/Users/borja/.m2/repository/org/checkerframework/checker-compat-qual/2.0.0/checker-compat-qual-2.0.0.jar' 
2022-04-03 15:31:40.835 DEBUG [acme.Launcher@main] Found classpath entry '/C:/Users/borja/.m2/repository/com/google/errorprone/error_prone_annotations/2.1.3/error_prone_annotations-2.1.3.jar' 
2022-04-03 15:31:40.836 DEBUG [acme.Launcher@main] Found classpath entry '/C:/Users/borja/.m2/repository/com/google/j2objc/j2objc-annotations/1.1/j2objc-annotations-1.1.jar' 
2022-04-03 15:31:40.836 DEBUG [acme.Launcher@main] Found classpath entry '/C:/Users/borja/.m2/repository/org/codehaus/mojo/animal-sniffer-annotations/1.14/animal-sniffer-annotations-1.14.jar' 
2022-04-03 15:31:40.836 DEBUG [acme.Launcher@main] Found classpath entry '/C:/Users/borja/.m2/repository/com/squareup/okhttp3/okhttp/3.14.9/okhttp-3.14.9.jar' 
2022-04-03 15:31:40.836 DEBUG [acme.Launcher@main] Found classpath entry '/C:/Users/borja/.m2/repository/com/squareup/okio/okio/1.14.0/okio-1.14.0.jar' 
2022-04-03 15:31:40.836 DEBUG [acme.Launcher@main] Found classpath entry '/C:/Users/borja/.m2/repository/org/apache/commons/commons-lang3/3.11/commons-lang3-3.11.jar' 
2022-04-03 15:31:40.836 DEBUG [acme.Launcher@main] Found classpath entry '/C:/Users/borja/.m2/repository/org/apache/commons/commons-text/1.8/commons-text-1.8.jar' 
2022-04-03 15:31:40.836 DEBUG [acme.Launcher@main] Found classpath entry '/C:/Users/borja/.m2/repository/commons-io/commons-io/2.6/commons-io-2.6.jar' 
2022-04-03 15:31:40.836 DEBUG [acme.Launcher@main] Found classpath entry '/C:/Users/borja/.m2/repository/commons-cli/commons-cli/1.4/commons-cli-1.4.jar' 
2022-04-03 15:31:40.836 DEBUG [acme.Launcher@main] Found classpath entry '/C:/Users/borja/.m2/repository/org/projectlombok/lombok/1.18.16/lombok-1.18.16.jar' 
2022-04-03 15:31:40.836 DEBUG [acme.Launcher@main] Found classpath entry '/C:/Users/borja/.m2/repository/com/opencsv/opencsv/5.4/opencsv-5.4.jar' 
2022-04-03 15:31:40.836 DEBUG [acme.Launcher@main] Found classpath entry '/C:/Users/borja/.m2/repository/commons-beanutils/commons-beanutils/1.9.4/commons-beanutils-1.9.4.jar' 
2022-04-03 15:31:40.836 DEBUG [acme.Launcher@main] Found classpath entry '/C:/Users/borja/.m2/repository/commons-logging/commons-logging/1.2/commons-logging-1.2.jar' 
2022-04-03 15:31:40.836 DEBUG [acme.Launcher@main] Found classpath entry '/C:/Users/borja/.m2/repository/commons-collections/commons-collections/3.2.2/commons-collections-3.2.2.jar' 
2022-04-03 15:31:40.837 DEBUG [acme.Launcher@main] Found classpath entry '/C:/Users/borja/.m2/repository/org/apache/commons/commons-collections4/4.4/commons-collections4-4.4.jar' 
2022-04-03 15:31:40.896 DEBUG [acme.Launcher@main] Found entity class 'acme.entities.announcement.Announcement 
2022-04-03 15:31:40.896 DEBUG [acme.Launcher@main] Found entity class 'acme.entities.chirps.Chirp 
2022-04-03 15:31:40.897 DEBUG [acme.Launcher@main] Found entity class 'acme.entities.inventions.Invention 
2022-04-03 15:31:40.897 DEBUG [acme.Launcher@main] Found entity class 'acme.entities.patronage.Patronage 
2022-04-03 15:31:40.897 DEBUG [acme.Launcher@main] Found entity class 'acme.entities.patronageReports.PatronageReport 
2022-04-03 15:31:40.897 DEBUG [acme.Launcher@main] Found entity class 'acme.entities.quantity.Quantity 
2022-04-03 15:31:40.897 DEBUG [acme.Launcher@main] Found entity class 'acme.entities.systemConfiguration.SystemConfiguration 
2022-04-03 15:31:40.897 DEBUG [acme.Launcher@main] Found entity class 'acme.entities.toolkits.Toolkit 
2022-04-03 15:31:40.897 DEBUG [acme.Launcher@main] Found entity class 'acme.roles.Consumer 
2022-04-03 15:31:40.897 DEBUG [acme.Launcher@main] Found entity class 'acme.roles.Inventor 
2022-04-03 15:31:40.897 DEBUG [acme.Launcher@main] Found entity class 'acme.roles.Patron 
2022-04-03 15:31:40.897 DEBUG [acme.Launcher@main] Found entity class 'acme.roles.Provider 
2022-04-03 15:31:40.897 DEBUG [acme.Launcher@main] Found entity class 'acme.framework.entities.UserAccount 
2022-04-03 15:31:40.897 DEBUG [acme.Launcher@main] Found entity class 'acme.framework.roles.Administrator 
2022-04-03 15:31:40.897 DEBUG [acme.Launcher@main] Found entity class 'acme.framework.roles.Anonymous 
2022-04-03 15:31:40.898 DEBUG [acme.Launcher@main] Found entity class 'acme.framework.roles.Any 
2022-04-03 15:31:40.898 DEBUG [acme.Launcher@main] Found entity class 'acme.framework.roles.Authenticated 
2022-04-03 15:31:40.904 INFO  [acme.Launcher@main] Running application (Standalone) 
2022-04-03 15:31:46.800 DEBUG [acme.framework.components.tiles.DynamicTilesView@http-nio-8080-exec-1] View name 'master/sign-in', model {username=, password=, remember=false} 
2022-04-03 15:31:46.815 DEBUG [org.apache.tiles.definition.dao.BaseLocaleUrlDefinitionDAO@http-nio-8080-exec-1] File Resource file:/D:/Universidad/DP%202/Practicas/Workspace-22.0/Projects/Acme-Toolkits/Acme-Toolkits/target/classes/WEB-INF/views/master/tiles_es.xml at file:/D:/Universidad/DP%202/Practicas/Workspace-22.0/Projects/Acme-Toolkits/Acme-Toolkits/target/classes/WEB-INF/views/master/tiles_es.xml not found, continue 
2022-04-03 15:31:46.820 DEBUG [org.apache.jasper.servlet.JspServlet@http-nio-8080-exec-1] JspEngine --> /WEB-INF/views/master/page.jsp 
2022-04-03 15:31:46.820 DEBUG [org.apache.jasper.servlet.JspServlet@http-nio-8080-exec-1] ServletPath: /WEB-INF/views/master/page.jsp 
2022-04-03 15:31:46.820 DEBUG [org.apache.jasper.servlet.JspServlet@http-nio-8080-exec-1] PathInfo: null 
2022-04-03 15:31:46.822 DEBUG [org.apache.jasper.servlet.JspServlet@http-nio-8080-exec-1] RealPath: D:\Universidad\DP 2\Practicas\Workspace-22.0\Projects\Acme-Toolkits\Acme-Toolkits\target\classes\WEB-INF\views\master\page.jsp 
2022-04-03 15:31:46.822 DEBUG [org.apache.jasper.servlet.JspServlet@http-nio-8080-exec-1] RequestURI: /acme-toolkits-22.1/WEB-INF/views/master/page.jsp 
2022-04-03 15:31:46.822 DEBUG [org.apache.jasper.servlet.JspServlet@http-nio-8080-exec-1] QueryString: error 
2022-04-03 15:31:49.628 DEBUG [acme.framework.configuration.ExtendedMessageSource@http-nio-8080-exec-1] Loading properties [D:\Universidad\DP 2\Practicas\Workspace-22.0\Projects\Acme-Toolkits\Acme-Toolkits\target\classes\WEB-INF\views\administrator\user-account\messages-en.i18n] with encoding 'utf-8' 
2022-04-03 15:31:49.628 DEBUG [acme.framework.configuration.ExtendedMessageSource@http-nio-8080-exec-1] Loading properties [D:\Universidad\DP 2\Practicas\Workspace-22.0\Projects\Acme-Toolkits\Acme-Toolkits\target\classes\WEB-INF\views\any\patron\messages-en.i18n] with encoding 'utf-8' 
2022-04-03 15:31:49.629 DEBUG [acme.framework.configuration.ExtendedMessageSource@http-nio-8080-exec-1] Loading properties [D:\Universidad\DP 2\Practicas\Workspace-22.0\Projects\Acme-Toolkits\Acme-Toolkits\target\classes\WEB-INF\views\authenticated\consumer\messsages-en.i18n] with encoding 'utf-8' 
2022-04-03 15:31:49.629 DEBUG [acme.framework.configuration.ExtendedMessageSource@http-nio-8080-exec-1] Loading properties [D:\Universidad\DP 2\Practicas\Workspace-22.0\Projects\Acme-Toolkits\Acme-Toolkits\target\classes\WEB-INF\views\authenticated\provider\messsages-en.i18n] with encoding 'utf-8' 
2022-04-03 15:31:49.630 DEBUG [acme.framework.configuration.ExtendedMessageSource@http-nio-8080-exec-1] Loading properties [D:\Universidad\DP 2\Practicas\Workspace-22.0\Projects\Acme-Toolkits\Acme-Toolkits\target\classes\WEB-INF\views\fragments\banner-en.i18n] with encoding 'utf-8' 
2022-04-03 15:31:49.630 DEBUG [acme.framework.configuration.ExtendedMessageSource@http-nio-8080-exec-1] Loading properties [D:\Universidad\DP 2\Practicas\Workspace-22.0\Projects\Acme-Toolkits\Acme-Toolkits\target\classes\WEB-INF\views\fragments\company-en.i18n] with encoding 'utf-8' 
2022-04-03 15:31:49.630 DEBUG [acme.framework.configuration.ExtendedMessageSource@http-nio-8080-exec-1] Loading properties [D:\Universidad\DP 2\Practicas\Workspace-22.0\Projects\Acme-Toolkits\Acme-Toolkits\target\classes\WEB-INF\views\fragments\footer-en.i18n] with encoding 'utf-8' 
2022-04-03 15:31:49.631 DEBUG [acme.framework.configuration.ExtendedMessageSource@http-nio-8080-exec-1] Loading properties [D:\Universidad\DP 2\Practicas\Workspace-22.0\Projects\Acme-Toolkits\Acme-Toolkits\target\classes\WEB-INF\views\fragments\license-en.i18n] with encoding 'utf-8' 
2022-04-03 15:31:49.631 DEBUG [acme.framework.configuration.ExtendedMessageSource@http-nio-8080-exec-1] Loading properties [D:\Universidad\DP 2\Practicas\Workspace-22.0\Projects\Acme-Toolkits\Acme-Toolkits\target\classes\WEB-INF\views\fragments\menu-en.i18n] with encoding 'utf-8' 
2022-04-03 15:31:49.632 DEBUG [acme.framework.configuration.ExtendedMessageSource@http-nio-8080-exec-1] Loading properties [D:\Universidad\DP 2\Practicas\Workspace-22.0\Projects\Acme-Toolkits\Acme-Toolkits\target\classes\WEB-INF\views\fragments\messsages-en.i18n] with encoding 'utf-8' 
2022-04-03 15:31:49.632 DEBUG [acme.framework.configuration.ExtendedMessageSource@http-nio-8080-exec-1] Loading properties [D:\Universidad\DP 2\Practicas\Workspace-22.0\Projects\Acme-Toolkits\Acme-Toolkits\target\classes\WEB-INF\views\fragments\title-en.i18n] with encoding 'utf-8' 
2022-04-03 15:31:49.632 DEBUG [acme.framework.configuration.ExtendedMessageSource@http-nio-8080-exec-1] Loading properties [D:\Universidad\DP 2\Practicas\Workspace-22.0\Projects\Acme-Toolkits\Acme-Toolkits\target\classes\WEB-INF\views\fragments\welcome-en.i18n] with encoding 'utf-8' 
2022-04-03 15:31:49.633 DEBUG [acme.framework.configuration.ExtendedMessageSource@http-nio-8080-exec-1] Loading properties [D:\Universidad\DP 2\Practicas\Workspace-22.0\Projects\Acme-Toolkits\Acme-Toolkits\target\classes\WEB-INF\views\master\defaults-en.i18n] with encoding 'utf-8' 
2022-04-03 15:31:49.633 DEBUG [acme.framework.configuration.ExtendedMessageSource@http-nio-8080-exec-1] Loading properties [D:\Universidad\DP 2\Practicas\Workspace-22.0\Projects\Acme-Toolkits\Acme-Toolkits\target\classes\WEB-INF\views\master\master-en.i18n] with encoding 'utf-8' 
2022-04-03 15:31:49.634 DEBUG [acme.framework.configuration.ExtendedMessageSource@http-nio-8080-exec-1] Loading properties [D:\Universidad\DP 2\Practicas\Workspace-22.0\Projects\Acme-Toolkits\Acme-Toolkits\target\classes\WEB-INF\views\master\throwables-en.i18n] with encoding 'utf-8' 
2022-04-03 15:31:49.634 DEBUG [acme.framework.configuration.ExtendedMessageSource@http-nio-8080-exec-1] Loading properties [D:\Universidad\DP 2\Practicas\Workspace-22.0\Projects\Acme-Toolkits\Acme-Toolkits\target\classes\WEB-INF\views\master\validation-en.i18n] with encoding 'utf-8' 
2022-04-03 15:31:49.637 DEBUG [acme.framework.configuration.ExtendedMessageSource@http-nio-8080-exec-1] Loading properties [D:\Universidad\DP 2\Practicas\Workspace-22.0\Projects\Acme-Toolkits\Acme-Toolkits\target\classes\WEB-INF\views\administrator\user-account\messages-es.i18n] with encoding 'utf-8' 
2022-04-03 15:31:49.638 DEBUG [acme.framework.configuration.ExtendedMessageSource@http-nio-8080-exec-1] Loading properties [D:\Universidad\DP 2\Practicas\Workspace-22.0\Projects\Acme-Toolkits\Acme-Toolkits\target\classes\WEB-INF\views\any\patron\messages-es.i18n] with encoding 'utf-8' 
2022-04-03 15:31:49.638 DEBUG [acme.framework.configuration.ExtendedMessageSource@http-nio-8080-exec-1] Loading properties [D:\Universidad\DP 2\Practicas\Workspace-22.0\Projects\Acme-Toolkits\Acme-Toolkits\target\classes\WEB-INF\views\authenticated\consumer\messsages-es.i18n] with encoding 'utf-8' 
2022-04-03 15:31:49.639 DEBUG [acme.framework.configuration.ExtendedMessageSource@http-nio-8080-exec-1] Loading properties [D:\Universidad\DP 2\Practicas\Workspace-22.0\Projects\Acme-Toolkits\Acme-Toolkits\target\classes\WEB-INF\views\authenticated\provider\messsages-es.i18n] with encoding 'utf-8' 
2022-04-03 15:31:49.639 DEBUG [acme.framework.configuration.ExtendedMessageSource@http-nio-8080-exec-1] Loading properties [D:\Universidad\DP 2\Practicas\Workspace-22.0\Projects\Acme-Toolkits\Acme-Toolkits\target\classes\WEB-INF\views\fragments\banner-es.i18n] with encoding 'utf-8' 
2022-04-03 15:31:49.640 DEBUG [acme.framework.configuration.ExtendedMessageSource@http-nio-8080-exec-1] Loading properties [D:\Universidad\DP 2\Practicas\Workspace-22.0\Projects\Acme-Toolkits\Acme-Toolkits\target\classes\WEB-INF\views\fragments\company-es.i18n] with encoding 'utf-8' 
2022-04-03 15:31:49.640 DEBUG [acme.framework.configuration.ExtendedMessageSource@http-nio-8080-exec-1] Loading properties [D:\Universidad\DP 2\Practicas\Workspace-22.0\Projects\Acme-Toolkits\Acme-Toolkits\target\classes\WEB-INF\views\fragments\footer-es.i18n] with encoding 'utf-8' 
2022-04-03 15:31:49.641 DEBUG [acme.framework.configuration.ExtendedMessageSource@http-nio-8080-exec-1] Loading properties [D:\Universidad\DP 2\Practicas\Workspace-22.0\Projects\Acme-Toolkits\Acme-Toolkits\target\classes\WEB-INF\views\fragments\license-es.i18n] with encoding 'utf-8' 
2022-04-03 15:31:49.641 DEBUG [acme.framework.configuration.ExtendedMessageSource@http-nio-8080-exec-1] Loading properties [D:\Universidad\DP 2\Practicas\Workspace-22.0\Projects\Acme-Toolkits\Acme-Toolkits\target\classes\WEB-INF\views\fragments\menu-es.i18n] with encoding 'utf-8' 
2022-04-03 15:31:49.642 DEBUG [acme.framework.configuration.ExtendedMessageSource@http-nio-8080-exec-1] Loading properties [D:\Universidad\DP 2\Practicas\Workspace-22.0\Projects\Acme-Toolkits\Acme-Toolkits\target\classes\WEB-INF\views\fragments\messsages-es.i18n] with encoding 'utf-8' 
2022-04-03 15:31:49.642 DEBUG [acme.framework.configuration.ExtendedMessageSource@http-nio-8080-exec-1] Loading properties [D:\Universidad\DP 2\Practicas\Workspace-22.0\Projects\Acme-Toolkits\Acme-Toolkits\target\classes\WEB-INF\views\fragments\title-es.i18n] with encoding 'utf-8' 
2022-04-03 15:31:49.642 DEBUG [acme.framework.configuration.ExtendedMessageSource@http-nio-8080-exec-1] Loading properties [D:\Universidad\DP 2\Practicas\Workspace-22.0\Projects\Acme-Toolkits\Acme-Toolkits\target\classes\WEB-INF\views\fragments\welcome-es.i18n] with encoding 'utf-8' 
2022-04-03 15:31:49.643 DEBUG [acme.framework.configuration.ExtendedMessageSource@http-nio-8080-exec-1] Loading properties [D:\Universidad\DP 2\Practicas\Workspace-22.0\Projects\Acme-Toolkits\Acme-Toolkits\target\classes\WEB-INF\views\master\defaults-es.i18n] with encoding 'utf-8' 
2022-04-03 15:31:49.643 DEBUG [acme.framework.configuration.ExtendedMessageSource@http-nio-8080-exec-1] Loading properties [D:\Universidad\DP 2\Practicas\Workspace-22.0\Projects\Acme-Toolkits\Acme-Toolkits\target\classes\WEB-INF\views\master\master-es.i18n] with encoding 'utf-8' 
2022-04-03 15:31:49.644 DEBUG [acme.framework.configuration.ExtendedMessageSource@http-nio-8080-exec-1] Loading properties [D:\Universidad\DP 2\Practicas\Workspace-22.0\Projects\Acme-Toolkits\Acme-Toolkits\target\classes\WEB-INF\views\master\throwables-es.i18n] with encoding 'utf-8' 
2022-04-03 15:31:49.644 DEBUG [acme.framework.configuration.ExtendedMessageSource@http-nio-8080-exec-1] Loading properties [D:\Universidad\DP 2\Practicas\Workspace-22.0\Projects\Acme-Toolkits\Acme-Toolkits\target\classes\WEB-INF\views\master\validation-es.i18n] with encoding 'utf-8' 
2022-04-03 15:31:49.732 DEBUG [org.apache.jasper.servlet.JspServlet@http-nio-8080-exec-1] JspEngine --> /WEB-INF/views/master/sign-in.jsp 
2022-04-03 15:31:49.732 DEBUG [org.apache.jasper.servlet.JspServlet@http-nio-8080-exec-1] ServletPath: /WEB-INF/views/master/page.jsp 
2022-04-03 15:31:49.732 DEBUG [org.apache.jasper.servlet.JspServlet@http-nio-8080-exec-1] PathInfo: null 
2022-04-03 15:31:49.734 DEBUG [org.apache.jasper.servlet.JspServlet@http-nio-8080-exec-1] RealPath: D:\Universidad\DP 2\Practicas\Workspace-22.0\Projects\Acme-Toolkits\Acme-Toolkits\target\classes\WEB-INF\views\master\sign-in.jsp 
2022-04-03 15:31:49.734 DEBUG [org.apache.jasper.servlet.JspServlet@http-nio-8080-exec-1] RequestURI: /acme-toolkits-22.1/WEB-INF/views/master/page.jsp 
2022-04-03 15:31:49.734 DEBUG [org.apache.jasper.servlet.JspServlet@http-nio-8080-exec-1] QueryString: error 
2022-04-03 15:31:51.175 DEBUG [org.hibernate.SQL@http-nio-8080-exec-1] select useraccoun0_.id as id1_0_, useraccoun0_.version as version2_0_, useraccoun0_.enabled as enabled1_17_, useraccoun0_.identity as identity2_17_, useraccoun0_.password as password3_17_, useraccoun0_.username as username4_17_ from user_account useraccoun0_ where useraccoun0_.username=? 
2022-04-03 15:31:51.190 TRACE [org.hibernate.type.descriptor.sql.BasicBinder@http-nio-8080-exec-1] binding parameter [1] as [VARCHAR] - [anonymous] 
2022-04-03 15:31:51.232 DEBUG [org.hibernate.SQL@http-nio-8080-exec-1] select roles0_.user_account_id as user_acc1_18_0_, roles0_.id as id1_18_0_, roles0_.id as id1_0_1_, roles0_.version as version2_0_1_, roles0_.user_account_id as user_acc1_18_1_, roles0_.company as company1_7_1_, roles0_.sector as sector2_7_1_, roles0_.company as company1_9_1_, roles0_.link as link2_9_1_, roles0_.statement as statemen3_9_1_, roles0_.company as company1_10_1_, roles0_.link as link2_10_1_, roles0_.statement as statemen3_10_1_, roles0_.company as company1_13_1_, roles0_.sector as sector2_13_1_, roles0_.clazz_ as clazz_1_ from ( select id, version, user_account_id, company, sector, null as link, null as statement, 10 as clazz_ from consumer union all select id, version, user_account_id, company, null as sector, link, statement, 11 as clazz_ from inventor union all select id, version, user_account_id, company, null as sector, link, statement, 12 as clazz_ from patron union all select id, version, user_account_id, company, sector, null as link, null as statement, 13 as clazz_ from provider union all select id, version, user_account_id, null as company, null as sector, null as link, null as statement, 15 as clazz_ from administrator union all select id, version, user_account_id, null as company, null as sector, null as link, null as statement, 16 as clazz_ from anonymous union all select id, version, user_account_id, null as company, null as sector, null as link, null as statement, 17 as clazz_ from any union all select id, version, user_account_id, null as company, null as sector, null as link, null as statement, 18 as clazz_ from authenticated ) roles0_ where roles0_.user_account_id=? 
2022-04-03 15:31:51.234 TRACE [org.hibernate.type.descriptor.sql.BasicBinder@http-nio-8080-exec-1] binding parameter [1] as [INTEGER] - [1] 
2022-04-03 15:32:00.741 DEBUG [org.hibernate.SQL@http-nio-8080-exec-4] select useraccoun0_.id as id1_0_, useraccoun0_.version as version2_0_, useraccoun0_.enabled as enabled1_17_, useraccoun0_.identity as identity2_17_, useraccoun0_.password as password3_17_, useraccoun0_.username as username4_17_ from user_account useraccoun0_ where useraccoun0_.username=? 
2022-04-03 15:32:00.742 TRACE [org.hibernate.type.descriptor.sql.BasicBinder@http-nio-8080-exec-4] binding parameter [1] as [VARCHAR] - [inventor1] 
2022-04-03 15:32:00.745 DEBUG [org.hibernate.SQL@http-nio-8080-exec-4] select roles0_.user_account_id as user_acc1_18_0_, roles0_.id as id1_18_0_, roles0_.id as id1_0_1_, roles0_.version as version2_0_1_, roles0_.user_account_id as user_acc1_18_1_, roles0_.company as company1_7_1_, roles0_.sector as sector2_7_1_, roles0_.company as company1_9_1_, roles0_.link as link2_9_1_, roles0_.statement as statemen3_9_1_, roles0_.company as company1_10_1_, roles0_.link as link2_10_1_, roles0_.statement as statemen3_10_1_, roles0_.company as company1_13_1_, roles0_.sector as sector2_13_1_, roles0_.clazz_ as clazz_1_ from ( select id, version, user_account_id, company, sector, null as link, null as statement, 10 as clazz_ from consumer union all select id, version, user_account_id, company, null as sector, link, statement, 11 as clazz_ from inventor union all select id, version, user_account_id, company, null as sector, link, statement, 12 as clazz_ from patron union all select id, version, user_account_id, company, sector, null as link, null as statement, 13 as clazz_ from provider union all select id, version, user_account_id, null as company, null as sector, null as link, null as statement, 15 as clazz_ from administrator union all select id, version, user_account_id, null as company, null as sector, null as link, null as statement, 16 as clazz_ from anonymous union all select id, version, user_account_id, null as company, null as sector, null as link, null as statement, 17 as clazz_ from any union all select id, version, user_account_id, null as company, null as sector, null as link, null as statement, 18 as clazz_ from authenticated ) roles0_ where roles0_.user_account_id=? 
2022-04-03 15:32:00.746 TRACE [org.hibernate.type.descriptor.sql.BasicBinder@http-nio-8080-exec-4] binding parameter [1] as [INTEGER] - [12] 
2022-04-03 15:32:00.765 DEBUG [acme.framework.components.tiles.DynamicTilesView@http-nio-8080-exec-6] View name 'fragments/welcome', model {} 
2022-04-03 15:32:00.766 DEBUG [org.apache.jasper.servlet.JspServlet@http-nio-8080-exec-6] JspEngine --> /WEB-INF/views/master/page.jsp 
2022-04-03 15:32:00.766 DEBUG [org.apache.jasper.servlet.JspServlet@http-nio-8080-exec-6] ServletPath: /WEB-INF/views/master/page.jsp 
2022-04-03 15:32:00.766 DEBUG [org.apache.jasper.servlet.JspServlet@http-nio-8080-exec-6] PathInfo: null 
2022-04-03 15:32:00.768 DEBUG [org.apache.jasper.servlet.JspServlet@http-nio-8080-exec-6] RealPath: D:\Universidad\DP 2\Practicas\Workspace-22.0\Projects\Acme-Toolkits\Acme-Toolkits\target\classes\WEB-INF\views\master\page.jsp 
2022-04-03 15:32:00.768 DEBUG [org.apache.jasper.servlet.JspServlet@http-nio-8080-exec-6] RequestURI: /acme-toolkits-22.1/WEB-INF/views/master/page.jsp 
2022-04-03 15:32:00.768 DEBUG [org.apache.jasper.servlet.JspServlet@http-nio-8080-exec-6] QueryString: null 
2022-04-03 15:32:00.817 DEBUG [org.apache.jasper.servlet.JspServlet@http-nio-8080-exec-6] JspEngine --> /WEB-INF/views/fragments/welcome.jsp 
2022-04-03 15:32:00.817 DEBUG [org.apache.jasper.servlet.JspServlet@http-nio-8080-exec-6] ServletPath: /WEB-INF/views/master/page.jsp 
2022-04-03 15:32:00.817 DEBUG [org.apache.jasper.servlet.JspServlet@http-nio-8080-exec-6] PathInfo: null 
2022-04-03 15:32:00.819 DEBUG [org.apache.jasper.servlet.JspServlet@http-nio-8080-exec-6] RealPath: D:\Universidad\DP 2\Practicas\Workspace-22.0\Projects\Acme-Toolkits\Acme-Toolkits\target\classes\WEB-INF\views\fragments\welcome.jsp 
2022-04-03 15:32:00.819 DEBUG [org.apache.jasper.servlet.JspServlet@http-nio-8080-exec-6] RequestURI: /acme-toolkits-22.1/WEB-INF/views/master/page.jsp 
2022-04-03 15:32:00.819 DEBUG [org.apache.jasper.servlet.JspServlet@http-nio-8080-exec-6] QueryString: null 
2022-04-03 15:32:12.442 DEBUG [acme.framework.components.tiles.DynamicTilesView@http-nio-8080-exec-5] View name 'master/panic', model {} 
2022-04-03 15:32:12.443 DEBUG [org.apache.jasper.servlet.JspServlet@http-nio-8080-exec-5] JspEngine --> /WEB-INF/views/master/page.jsp 
2022-04-03 15:32:12.443 DEBUG [org.apache.jasper.servlet.JspServlet@http-nio-8080-exec-5] ServletPath: /WEB-INF/views/master/page.jsp 
2022-04-03 15:32:12.443 DEBUG [org.apache.jasper.servlet.JspServlet@http-nio-8080-exec-5] PathInfo: null 
2022-04-03 15:32:12.445 DEBUG [org.apache.jasper.servlet.JspServlet@http-nio-8080-exec-5] RealPath: D:\Universidad\DP 2\Practicas\Workspace-22.0\Projects\Acme-Toolkits\Acme-Toolkits\target\classes\WEB-INF\views\master\page.jsp 
2022-04-03 15:32:12.445 DEBUG [org.apache.jasper.servlet.JspServlet@http-nio-8080-exec-5] RequestURI: /acme-toolkits-22.1/WEB-INF/views/master/page.jsp 
2022-04-03 15:32:12.445 DEBUG [org.apache.jasper.servlet.JspServlet@http-nio-8080-exec-5] QueryString: null 
2022-04-03 15:32:12.492 DEBUG [org.apache.jasper.servlet.JspServlet@http-nio-8080-exec-5] JspEngine --> /WEB-INF/views/master/panic.jsp 
2022-04-03 15:32:12.492 DEBUG [org.apache.jasper.servlet.JspServlet@http-nio-8080-exec-5] ServletPath: /WEB-INF/views/master/page.jsp 
2022-04-03 15:32:12.492 DEBUG [org.apache.jasper.servlet.JspServlet@http-nio-8080-exec-5] PathInfo: null 
2022-04-03 15:32:12.493 DEBUG [org.apache.jasper.servlet.JspServlet@http-nio-8080-exec-5] RealPath: D:\Universidad\DP 2\Practicas\Workspace-22.0\Projects\Acme-Toolkits\Acme-Toolkits\target\classes\WEB-INF\views\master\panic.jsp 
2022-04-03 15:32:12.493 DEBUG [org.apache.jasper.servlet.JspServlet@http-nio-8080-exec-5] RequestURI: /acme-toolkits-22.1/WEB-INF/views/master/page.jsp 
2022-04-03 15:32:12.493 DEBUG [org.apache.jasper.servlet.JspServlet@http-nio-8080-exec-5] QueryString: null 
2022-04-03 15:32:12.643 ERROR [org.apache.jsp.WEB_002dINF.views.master.panic_jsp@http-nio-8080-exec-5] HTTP GET /acme-toolkits-22.1/WEB-INF/views/master/page.jsp HTTP/1.1 
2022-04-03 15:32:12.644 ERROR [org.apache.jsp.WEB_002dINF.views.master.panic_jsp@http-nio-8080-exec-5] Status: 404 
2022-04-03 15:32:16.934 DEBUG [acme.framework.controllers.AbstractController@http-nio-8080-exec-7] DISPATCHING GET /acme-toolkits-22.1/any/patron/list 
2022-04-03 15:32:16.934 DEBUG [acme.framework.controllers.AbstractController@http-nio-8080-exec-7] Command: list 
2022-04-03 15:32:16.934 DEBUG [acme.framework.controllers.AbstractController@http-nio-8080-exec-7] Model:   {} 
2022-04-03 15:32:16.934 DEBUG [acme.framework.controllers.AbstractController@http-nio-8080-exec-7] Locale:  es 
2022-04-03 15:32:16.949 DEBUG [org.hibernate.SQL@http-nio-8080-exec-7] select patron0_.id as id1_0_, patron0_.version as version2_0_, patron0_.user_account_id as user_acc1_18_, patron0_.company as company1_10_, patron0_.link as link2_10_, patron0_.statement as statemen3_10_ from patron patron0_ 
2022-04-03 15:32:16.950 DEBUG [org.hibernate.SQL@http-nio-8080-exec-7] select useraccoun0_.id as id1_0_0_, useraccoun0_.version as version2_0_0_, useraccoun0_.enabled as enabled1_17_0_, useraccoun0_.identity as identity2_17_0_, useraccoun0_.password as password3_17_0_, useraccoun0_.username as username4_17_0_ from user_account useraccoun0_ where useraccoun0_.id=? 
2022-04-03 15:32:16.950 TRACE [org.hibernate.type.descriptor.sql.BasicBinder@http-nio-8080-exec-7] binding parameter [1] as [INTEGER] - [10] 
2022-04-03 15:32:16.952 DEBUG [org.hibernate.SQL@http-nio-8080-exec-7] select useraccoun0_.id as id1_0_0_, useraccoun0_.version as version2_0_0_, useraccoun0_.enabled as enabled1_17_0_, useraccoun0_.identity as identity2_17_0_, useraccoun0_.password as password3_17_0_, useraccoun0_.username as username4_17_0_ from user_account useraccoun0_ where useraccoun0_.id=? 
2022-04-03 15:32:16.952 TRACE [org.hibernate.type.descriptor.sql.BasicBinder@http-nio-8080-exec-7] binding parameter [1] as [INTEGER] - [11] 
2022-04-03 15:32:16.954 DEBUG [org.hibernate.SQL@http-nio-8080-exec-7] select useraccoun0_.id as id1_0_0_, useraccoun0_.version as version2_0_0_, useraccoun0_.enabled as enabled1_17_0_, useraccoun0_.identity as identity2_17_0_, useraccoun0_.password as password3_17_0_, useraccoun0_.username as username4_17_0_ from user_account useraccoun0_ where useraccoun0_.id=? 
2022-04-03 15:32:16.954 TRACE [org.hibernate.type.descriptor.sql.BasicBinder@http-nio-8080-exec-7] binding parameter [1] as [INTEGER] - [5] 
2022-04-03 15:32:16.956 DEBUG [org.hibernate.SQL@http-nio-8080-exec-7] select useraccoun0_.id as id1_0_0_, useraccoun0_.version as version2_0_0_, useraccoun0_.enabled as enabled1_17_0_, useraccoun0_.identity as identity2_17_0_, useraccoun0_.password as password3_17_0_, useraccoun0_.username as username4_17_0_ from user_account useraccoun0_ where useraccoun0_.id=? 
2022-04-03 15:32:16.956 TRACE [org.hibernate.type.descriptor.sql.BasicBinder@http-nio-8080-exec-7] binding parameter [1] as [INTEGER] - [7] 
2022-04-03 15:32:16.957 DEBUG [org.hibernate.SQL@http-nio-8080-exec-7] select useraccoun0_.id as id1_0_0_, useraccoun0_.version as version2_0_0_, useraccoun0_.enabled as enabled1_17_0_, useraccoun0_.identity as identity2_17_0_, useraccoun0_.password as password3_17_0_, useraccoun0_.username as username4_17_0_ from user_account useraccoun0_ where useraccoun0_.id=? 
2022-04-03 15:32:16.958 TRACE [org.hibernate.type.descriptor.sql.BasicBinder@http-nio-8080-exec-7] binding parameter [1] as [INTEGER] - [13] 
2022-04-03 15:32:16.959 DEBUG [org.hibernate.SQL@http-nio-8080-exec-7] select useraccoun0_.id as id1_0_0_, useraccoun0_.version as version2_0_0_, useraccoun0_.enabled as enabled1_17_0_, useraccoun0_.identity as identity2_17_0_, useraccoun0_.password as password3_17_0_, useraccoun0_.username as username4_17_0_ from user_account useraccoun0_ where useraccoun0_.id=? 
2022-04-03 15:32:16.959 TRACE [org.hibernate.type.descriptor.sql.BasicBinder@http-nio-8080-exec-7] binding parameter [1] as [INTEGER] - [14] 
2022-04-03 15:32:16.971 DEBUG [acme.framework.controllers.AbstractController@http-nio-8080-exec-7] SERVING GET /acme-toolkits-22.1/any/patron/list 
2022-04-03 15:32:16.972 DEBUG [acme.framework.controllers.AbstractController@http-nio-8080-exec-7] Result: ModelAndView [view="any/patron/list"; model={list$size=0, command=list, principal=acme.framework.entities.Principal@4fbf178c}] 
2022-04-03 15:32:16.976 DEBUG [acme.framework.components.tiles.DynamicTilesView@http-nio-8080-exec-7] View name 'any/patron/list', model {list$size=0, command=list, principal=acme.framework.entities.Principal@4fbf178c, org.springframework.validation.BindingResult.principal=org.springframework.validation.BeanPropertyBindingResult: 0 errors} 
2022-04-03 15:32:16.977 DEBUG [org.apache.jasper.servlet.JspServlet@http-nio-8080-exec-7] JspEngine --> /WEB-INF/views/master/page.jsp 
2022-04-03 15:32:16.977 DEBUG [org.apache.jasper.servlet.JspServlet@http-nio-8080-exec-7] ServletPath: /WEB-INF/views/master/page.jsp 
2022-04-03 15:32:16.977 DEBUG [org.apache.jasper.servlet.JspServlet@http-nio-8080-exec-7] PathInfo: null 
2022-04-03 15:32:16.978 DEBUG [org.apache.jasper.servlet.JspServlet@http-nio-8080-exec-7] RealPath: D:\Universidad\DP 2\Practicas\Workspace-22.0\Projects\Acme-Toolkits\Acme-Toolkits\target\classes\WEB-INF\views\master\page.jsp 
2022-04-03 15:32:16.979 DEBUG [org.apache.jasper.servlet.JspServlet@http-nio-8080-exec-7] RequestURI: /acme-toolkits-22.1/WEB-INF/views/master/page.jsp 
2022-04-03 15:32:16.979 DEBUG [org.apache.jasper.servlet.JspServlet@http-nio-8080-exec-7] QueryString: null 
2022-04-03 15:32:17.021 DEBUG [org.apache.jasper.servlet.JspServlet@http-nio-8080-exec-7] JspEngine --> /WEB-INF/views/any/patron/list.jsp 
2022-04-03 15:32:17.021 DEBUG [org.apache.jasper.servlet.JspServlet@http-nio-8080-exec-7] ServletPath: /WEB-INF/views/master/page.jsp 
2022-04-03 15:32:17.021 DEBUG [org.apache.jasper.servlet.JspServlet@http-nio-8080-exec-7] PathInfo: null 
2022-04-03 15:32:17.022 DEBUG [org.apache.jasper.servlet.JspServlet@http-nio-8080-exec-7] RealPath: D:\Universidad\DP 2\Practicas\Workspace-22.0\Projects\Acme-Toolkits\Acme-Toolkits\target\classes\WEB-INF\views\any\patron\list.jsp 
2022-04-03 15:32:17.023 DEBUG [org.apache.jasper.servlet.JspServlet@http-nio-8080-exec-7] RequestURI: /acme-toolkits-22.1/WEB-INF/views/master/page.jsp 
2022-04-03 15:32:17.023 DEBUG [org.apache.jasper.servlet.JspServlet@http-nio-8080-exec-7] QueryString: null 
2022-04-03 15:32:20.533 DEBUG [acme.framework.controllers.AbstractController@http-nio-8080-exec-2] DISPATCHING GET /acme-toolkits-22.1/any/patron/list 
2022-04-03 15:32:20.533 DEBUG [acme.framework.controllers.AbstractController@http-nio-8080-exec-2] Command: list 
2022-04-03 15:32:20.533 DEBUG [acme.framework.controllers.AbstractController@http-nio-8080-exec-2] Model:   {} 
2022-04-03 15:32:20.533 DEBUG [acme.framework.controllers.AbstractController@http-nio-8080-exec-2] Locale:  es 
2022-04-03 15:32:20.534 DEBUG [org.hibernate.SQL@http-nio-8080-exec-2] select patron0_.id as id1_0_, patron0_.version as version2_0_, patron0_.user_account_id as user_acc1_18_, patron0_.company as company1_10_, patron0_.link as link2_10_, patron0_.statement as statemen3_10_ from patron patron0_ 
2022-04-03 15:32:20.536 DEBUG [org.hibernate.SQL@http-nio-8080-exec-2] select useraccoun0_.id as id1_0_0_, useraccoun0_.version as version2_0_0_, useraccoun0_.enabled as enabled1_17_0_, useraccoun0_.identity as identity2_17_0_, useraccoun0_.password as password3_17_0_, useraccoun0_.username as username4_17_0_ from user_account useraccoun0_ where useraccoun0_.id=? 
2022-04-03 15:32:20.536 TRACE [org.hibernate.type.descriptor.sql.BasicBinder@http-nio-8080-exec-2] binding parameter [1] as [INTEGER] - [10] 
2022-04-03 15:32:20.537 DEBUG [org.hibernate.SQL@http-nio-8080-exec-2] select useraccoun0_.id as id1_0_0_, useraccoun0_.version as version2_0_0_, useraccoun0_.enabled as enabled1_17_0_, useraccoun0_.identity as identity2_17_0_, useraccoun0_.password as password3_17_0_, useraccoun0_.username as username4_17_0_ from user_account useraccoun0_ where useraccoun0_.id=? 
2022-04-03 15:32:20.537 TRACE [org.hibernate.type.descriptor.sql.BasicBinder@http-nio-8080-exec-2] binding parameter [1] as [INTEGER] - [11] 
2022-04-03 15:32:20.539 DEBUG [org.hibernate.SQL@http-nio-8080-exec-2] select useraccoun0_.id as id1_0_0_, useraccoun0_.version as version2_0_0_, useraccoun0_.enabled as enabled1_17_0_, useraccoun0_.identity as identity2_17_0_, useraccoun0_.password as password3_17_0_, useraccoun0_.username as username4_17_0_ from user_account useraccoun0_ where useraccoun0_.id=? 
2022-04-03 15:32:20.539 TRACE [org.hibernate.type.descriptor.sql.BasicBinder@http-nio-8080-exec-2] binding parameter [1] as [INTEGER] - [5] 
2022-04-03 15:32:20.540 DEBUG [org.hibernate.SQL@http-nio-8080-exec-2] select useraccoun0_.id as id1_0_0_, useraccoun0_.version as version2_0_0_, useraccoun0_.enabled as enabled1_17_0_, useraccoun0_.identity as identity2_17_0_, useraccoun0_.password as password3_17_0_, useraccoun0_.username as username4_17_0_ from user_account useraccoun0_ where useraccoun0_.id=? 
2022-04-03 15:32:20.540 TRACE [org.hibernate.type.descriptor.sql.BasicBinder@http-nio-8080-exec-2] binding parameter [1] as [INTEGER] - [7] 
2022-04-03 15:32:20.542 DEBUG [org.hibernate.SQL@http-nio-8080-exec-2] select useraccoun0_.id as id1_0_0_, useraccoun0_.version as version2_0_0_, useraccoun0_.enabled as enabled1_17_0_, useraccoun0_.identity as identity2_17_0_, useraccoun0_.password as password3_17_0_, useraccoun0_.username as username4_17_0_ from user_account useraccoun0_ where useraccoun0_.id=? 
2022-04-03 15:32:20.542 TRACE [org.hibernate.type.descriptor.sql.BasicBinder@http-nio-8080-exec-2] binding parameter [1] as [INTEGER] - [13] 
2022-04-03 15:32:20.543 DEBUG [org.hibernate.SQL@http-nio-8080-exec-2] select useraccoun0_.id as id1_0_0_, useraccoun0_.version as version2_0_0_, useraccoun0_.enabled as enabled1_17_0_, useraccoun0_.identity as identity2_17_0_, useraccoun0_.password as password3_17_0_, useraccoun0_.username as username4_17_0_ from user_account useraccoun0_ where useraccoun0_.id=? 
2022-04-03 15:32:20.543 TRACE [org.hibernate.type.descriptor.sql.BasicBinder@http-nio-8080-exec-2] binding parameter [1] as [INTEGER] - [14] 
2022-04-03 15:32:20.546 DEBUG [acme.framework.controllers.AbstractController@http-nio-8080-exec-2] SERVING GET /acme-toolkits-22.1/any/patron/list 
2022-04-03 15:32:20.546 DEBUG [acme.framework.controllers.AbstractController@http-nio-8080-exec-2] Result: ModelAndView [view="any/patron/list"; model={list$size=0, command=list, principal=acme.framework.entities.Principal@4fbf178c}] 
2022-04-03 15:32:20.546 DEBUG [acme.framework.components.tiles.DynamicTilesView@http-nio-8080-exec-2] View name 'any/patron/list', model {list$size=0, command=list, principal=acme.framework.entities.Principal@4fbf178c, org.springframework.validation.BindingResult.principal=org.springframework.validation.BeanPropertyBindingResult: 0 errors} 
2022-04-03 15:32:20.547 DEBUG [org.apache.jasper.servlet.JspServlet@http-nio-8080-exec-2] JspEngine --> /WEB-INF/views/master/page.jsp 
2022-04-03 15:32:20.547 DEBUG [org.apache.jasper.servlet.JspServlet@http-nio-8080-exec-2] ServletPath: /WEB-INF/views/master/page.jsp 
2022-04-03 15:32:20.547 DEBUG [org.apache.jasper.servlet.JspServlet@http-nio-8080-exec-2] PathInfo: null 
2022-04-03 15:32:20.549 DEBUG [org.apache.jasper.servlet.JspServlet@http-nio-8080-exec-2] RealPath: D:\Universidad\DP 2\Practicas\Workspace-22.0\Projects\Acme-Toolkits\Acme-Toolkits\target\classes\WEB-INF\views\master\page.jsp 
2022-04-03 15:32:20.549 DEBUG [org.apache.jasper.servlet.JspServlet@http-nio-8080-exec-2] RequestURI: /acme-toolkits-22.1/WEB-INF/views/master/page.jsp 
2022-04-03 15:32:20.549 DEBUG [org.apache.jasper.servlet.JspServlet@http-nio-8080-exec-2] QueryString: null 
2022-04-03 15:32:20.588 DEBUG [org.apache.jasper.servlet.JspServlet@http-nio-8080-exec-2] JspEngine --> /WEB-INF/views/any/patron/list.jsp 
2022-04-03 15:32:20.588 DEBUG [org.apache.jasper.servlet.JspServlet@http-nio-8080-exec-2] ServletPath: /WEB-INF/views/master/page.jsp 
2022-04-03 15:32:20.589 DEBUG [org.apache.jasper.servlet.JspServlet@http-nio-8080-exec-2] PathInfo: null 
2022-04-03 15:32:20.590 DEBUG [org.apache.jasper.servlet.JspServlet@http-nio-8080-exec-2] RealPath: D:\Universidad\DP 2\Practicas\Workspace-22.0\Projects\Acme-Toolkits\Acme-Toolkits\target\classes\WEB-INF\views\any\patron\list.jsp 
2022-04-03 15:32:20.590 DEBUG [org.apache.jasper.servlet.JspServlet@http-nio-8080-exec-2] RequestURI: /acme-toolkits-22.1/WEB-INF/views/master/page.jsp 
2022-04-03 15:32:20.590 DEBUG [org.apache.jasper.servlet.JspServlet@http-nio-8080-exec-2] QueryString: null 
2022-04-03 15:32:46.370 DEBUG [acme.framework.controllers.AbstractController@http-nio-8080-exec-1] DISPATCHING GET /acme-toolkits-22.1/any/patron/list 
2022-04-03 15:32:46.370 DEBUG [acme.framework.controllers.AbstractController@http-nio-8080-exec-1] Command: list 
2022-04-03 15:32:46.370 DEBUG [acme.framework.controllers.AbstractController@http-nio-8080-exec-1] Model:   {} 
2022-04-03 15:32:46.371 DEBUG [acme.framework.controllers.AbstractController@http-nio-8080-exec-1] Locale:  es 
2022-04-03 15:32:46.371 DEBUG [org.hibernate.SQL@http-nio-8080-exec-1] select patron0_.id as id1_0_, patron0_.version as version2_0_, patron0_.user_account_id as user_acc1_18_, patron0_.company as company1_10_, patron0_.link as link2_10_, patron0_.statement as statemen3_10_ from patron patron0_ 
2022-04-03 15:32:46.373 DEBUG [org.hibernate.SQL@http-nio-8080-exec-1] select useraccoun0_.id as id1_0_0_, useraccoun0_.version as version2_0_0_, useraccoun0_.enabled as enabled1_17_0_, useraccoun0_.identity as identity2_17_0_, useraccoun0_.password as password3_17_0_, useraccoun0_.username as username4_17_0_ from user_account useraccoun0_ where useraccoun0_.id=? 
2022-04-03 15:32:46.373 TRACE [org.hibernate.type.descriptor.sql.BasicBinder@http-nio-8080-exec-1] binding parameter [1] as [INTEGER] - [10] 
2022-04-03 15:32:46.374 DEBUG [org.hibernate.SQL@http-nio-8080-exec-1] select useraccoun0_.id as id1_0_0_, useraccoun0_.version as version2_0_0_, useraccoun0_.enabled as enabled1_17_0_, useraccoun0_.identity as identity2_17_0_, useraccoun0_.password as password3_17_0_, useraccoun0_.username as username4_17_0_ from user_account useraccoun0_ where useraccoun0_.id=? 
2022-04-03 15:32:46.374 TRACE [org.hibernate.type.descriptor.sql.BasicBinder@http-nio-8080-exec-1] binding parameter [1] as [INTEGER] - [11] 
2022-04-03 15:32:46.376 DEBUG [org.hibernate.SQL@http-nio-8080-exec-1] select useraccoun0_.id as id1_0_0_, useraccoun0_.version as version2_0_0_, useraccoun0_.enabled as enabled1_17_0_, useraccoun0_.identity as identity2_17_0_, useraccoun0_.password as password3_17_0_, useraccoun0_.username as username4_17_0_ from user_account useraccoun0_ where useraccoun0_.id=? 
2022-04-03 15:32:46.376 TRACE [org.hibernate.type.descriptor.sql.BasicBinder@http-nio-8080-exec-1] binding parameter [1] as [INTEGER] - [5] 
2022-04-03 15:32:46.377 DEBUG [org.hibernate.SQL@http-nio-8080-exec-1] select useraccoun0_.id as id1_0_0_, useraccoun0_.version as version2_0_0_, useraccoun0_.enabled as enabled1_17_0_, useraccoun0_.identity as identity2_17_0_, useraccoun0_.password as password3_17_0_, useraccoun0_.username as username4_17_0_ from user_account useraccoun0_ where useraccoun0_.id=? 
2022-04-03 15:32:46.377 TRACE [org.hibernate.type.descriptor.sql.BasicBinder@http-nio-8080-exec-1] binding parameter [1] as [INTEGER] - [7] 
2022-04-03 15:32:46.378 DEBUG [org.hibernate.SQL@http-nio-8080-exec-1] select useraccoun0_.id as id1_0_0_, useraccoun0_.version as version2_0_0_, useraccoun0_.enabled as enabled1_17_0_, useraccoun0_.identity as identity2_17_0_, useraccoun0_.password as password3_17_0_, useraccoun0_.username as username4_17_0_ from user_account useraccoun0_ where useraccoun0_.id=? 
2022-04-03 15:32:46.378 TRACE [org.hibernate.type.descriptor.sql.BasicBinder@http-nio-8080-exec-1] binding parameter [1] as [INTEGER] - [13] 
2022-04-03 15:32:46.379 DEBUG [org.hibernate.SQL@http-nio-8080-exec-1] select useraccoun0_.id as id1_0_0_, useraccoun0_.version as version2_0_0_, useraccoun0_.enabled as enabled1_17_0_, useraccoun0_.identity as identity2_17_0_, useraccoun0_.password as password3_17_0_, useraccoun0_.username as username4_17_0_ from user_account useraccoun0_ where useraccoun0_.id=? 
2022-04-03 15:32:46.379 TRACE [org.hibernate.type.descriptor.sql.BasicBinder@http-nio-8080-exec-1] binding parameter [1] as [INTEGER] - [14] 
2022-04-03 15:32:46.381 DEBUG [acme.framework.controllers.AbstractController@http-nio-8080-exec-1] SERVING GET /acme-toolkits-22.1/any/patron/list 
2022-04-03 15:32:46.381 DEBUG [acme.framework.controllers.AbstractController@http-nio-8080-exec-1] Result: ModelAndView [view="any/patron/list"; model={list$size=0, command=list, principal=acme.framework.entities.Principal@4fbf178c}] 
2022-04-03 15:32:46.381 DEBUG [acme.framework.components.tiles.DynamicTilesView@http-nio-8080-exec-1] View name 'any/patron/list', model {list$size=0, command=list, principal=acme.framework.entities.Principal@4fbf178c, org.springframework.validation.BindingResult.principal=org.springframework.validation.BeanPropertyBindingResult: 0 errors} 
2022-04-03 15:32:46.382 DEBUG [org.apache.jasper.servlet.JspServlet@http-nio-8080-exec-1] JspEngine --> /WEB-INF/views/master/page.jsp 
2022-04-03 15:32:46.382 DEBUG [org.apache.jasper.servlet.JspServlet@http-nio-8080-exec-1] ServletPath: /WEB-INF/views/master/page.jsp 
2022-04-03 15:32:46.383 DEBUG [org.apache.jasper.servlet.JspServlet@http-nio-8080-exec-1] PathInfo: null 
2022-04-03 15:32:46.383 DEBUG [org.apache.jasper.servlet.JspServlet@http-nio-8080-exec-1] RealPath: D:\Universidad\DP 2\Practicas\Workspace-22.0\Projects\Acme-Toolkits\Acme-Toolkits\target\classes\WEB-INF\views\master\page.jsp 
2022-04-03 15:32:46.383 DEBUG [org.apache.jasper.servlet.JspServlet@http-nio-8080-exec-1] RequestURI: /acme-toolkits-22.1/WEB-INF/views/master/page.jsp 
2022-04-03 15:32:46.384 DEBUG [org.apache.jasper.servlet.JspServlet@http-nio-8080-exec-1] QueryString: null 
2022-04-03 15:32:46.406 DEBUG [org.apache.jasper.servlet.JspServlet@http-nio-8080-exec-1] JspEngine --> /WEB-INF/views/any/patron/list.jsp 
2022-04-03 15:32:46.406 DEBUG [org.apache.jasper.servlet.JspServlet@http-nio-8080-exec-1] ServletPath: /WEB-INF/views/master/page.jsp 
2022-04-03 15:32:46.406 DEBUG [org.apache.jasper.servlet.JspServlet@http-nio-8080-exec-1] PathInfo: null 
2022-04-03 15:32:46.407 DEBUG [org.apache.jasper.servlet.JspServlet@http-nio-8080-exec-1] RealPath: D:\Universidad\DP 2\Practicas\Workspace-22.0\Projects\Acme-Toolkits\Acme-Toolkits\target\classes\WEB-INF\views\any\patron\list.jsp 
2022-04-03 15:32:46.407 DEBUG [org.apache.jasper.servlet.JspServlet@http-nio-8080-exec-1] RequestURI: /acme-toolkits-22.1/WEB-INF/views/master/page.jsp 
2022-04-03 15:32:46.407 DEBUG [org.apache.jasper.servlet.JspServlet@http-nio-8080-exec-1] QueryString: null 
2022-04-03 15:32:47.239 DEBUG [acme.framework.controllers.AbstractController@http-nio-8080-exec-1] DISPATCHING GET /acme-toolkits-22.1/any/patron/list 
2022-04-03 15:32:47.239 DEBUG [acme.framework.controllers.AbstractController@http-nio-8080-exec-1] Command: list 
2022-04-03 15:32:47.239 DEBUG [acme.framework.controllers.AbstractController@http-nio-8080-exec-1] Model:   {} 
2022-04-03 15:32:47.239 DEBUG [acme.framework.controllers.AbstractController@http-nio-8080-exec-1] Locale:  es 
2022-04-03 15:32:47.240 DEBUG [org.hibernate.SQL@http-nio-8080-exec-1] select patron0_.id as id1_0_, patron0_.version as version2_0_, patron0_.user_account_id as user_acc1_18_, patron0_.company as company1_10_, patron0_.link as link2_10_, patron0_.statement as statemen3_10_ from patron patron0_ 
2022-04-03 15:32:47.241 DEBUG [org.hibernate.SQL@http-nio-8080-exec-1] select useraccoun0_.id as id1_0_0_, useraccoun0_.version as version2_0_0_, useraccoun0_.enabled as enabled1_17_0_, useraccoun0_.identity as identity2_17_0_, useraccoun0_.password as password3_17_0_, useraccoun0_.username as username4_17_0_ from user_account useraccoun0_ where useraccoun0_.id=? 
2022-04-03 15:32:47.241 TRACE [org.hibernate.type.descriptor.sql.BasicBinder@http-nio-8080-exec-1] binding parameter [1] as [INTEGER] - [10] 
2022-04-03 15:32:47.242 DEBUG [org.hibernate.SQL@http-nio-8080-exec-1] select useraccoun0_.id as id1_0_0_, useraccoun0_.version as version2_0_0_, useraccoun0_.enabled as enabled1_17_0_, useraccoun0_.identity as identity2_17_0_, useraccoun0_.password as password3_17_0_, useraccoun0_.username as username4_17_0_ from user_account useraccoun0_ where useraccoun0_.id=? 
2022-04-03 15:32:47.242 TRACE [org.hibernate.type.descriptor.sql.BasicBinder@http-nio-8080-exec-1] binding parameter [1] as [INTEGER] - [11] 
2022-04-03 15:32:47.244 DEBUG [org.hibernate.SQL@http-nio-8080-exec-1] select useraccoun0_.id as id1_0_0_, useraccoun0_.version as version2_0_0_, useraccoun0_.enabled as enabled1_17_0_, useraccoun0_.identity as identity2_17_0_, useraccoun0_.password as password3_17_0_, useraccoun0_.username as username4_17_0_ from user_account useraccoun0_ where useraccoun0_.id=? 
2022-04-03 15:32:47.244 TRACE [org.hibernate.type.descriptor.sql.BasicBinder@http-nio-8080-exec-1] binding parameter [1] as [INTEGER] - [5] 
2022-04-03 15:32:47.245 DEBUG [org.hibernate.SQL@http-nio-8080-exec-1] select useraccoun0_.id as id1_0_0_, useraccoun0_.version as version2_0_0_, useraccoun0_.enabled as enabled1_17_0_, useraccoun0_.identity as identity2_17_0_, useraccoun0_.password as password3_17_0_, useraccoun0_.username as username4_17_0_ from user_account useraccoun0_ where useraccoun0_.id=? 
2022-04-03 15:32:47.245 TRACE [org.hibernate.type.descriptor.sql.BasicBinder@http-nio-8080-exec-1] binding parameter [1] as [INTEGER] - [7] 
2022-04-03 15:32:47.246 DEBUG [org.hibernate.SQL@http-nio-8080-exec-1] select useraccoun0_.id as id1_0_0_, useraccoun0_.version as version2_0_0_, useraccoun0_.enabled as enabled1_17_0_, useraccoun0_.identity as identity2_17_0_, useraccoun0_.password as password3_17_0_, useraccoun0_.username as username4_17_0_ from user_account useraccoun0_ where useraccoun0_.id=? 
2022-04-03 15:32:47.247 TRACE [org.hibernate.type.descriptor.sql.BasicBinder@http-nio-8080-exec-1] binding parameter [1] as [INTEGER] - [13] 
2022-04-03 15:32:47.248 DEBUG [org.hibernate.SQL@http-nio-8080-exec-1] select useraccoun0_.id as id1_0_0_, useraccoun0_.version as version2_0_0_, useraccoun0_.enabled as enabled1_17_0_, useraccoun0_.identity as identity2_17_0_, useraccoun0_.password as password3_17_0_, useraccoun0_.username as username4_17_0_ from user_account useraccoun0_ where useraccoun0_.id=? 
2022-04-03 15:32:47.248 TRACE [org.hibernate.type.descriptor.sql.BasicBinder@http-nio-8080-exec-1] binding parameter [1] as [INTEGER] - [14] 
2022-04-03 15:32:47.250 DEBUG [acme.framework.controllers.AbstractController@http-nio-8080-exec-1] SERVING GET /acme-toolkits-22.1/any/patron/list 
2022-04-03 15:32:47.251 DEBUG [acme.framework.controllers.AbstractController@http-nio-8080-exec-1] Result: ModelAndView [view="any/patron/list"; model={list$size=0, command=list, principal=acme.framework.entities.Principal@4fbf178c}] 
2022-04-03 15:32:47.251 DEBUG [acme.framework.components.tiles.DynamicTilesView@http-nio-8080-exec-1] View name 'any/patron/list', model {list$size=0, command=list, principal=acme.framework.entities.Principal@4fbf178c, org.springframework.validation.BindingResult.principal=org.springframework.validation.BeanPropertyBindingResult: 0 errors} 
2022-04-03 15:32:47.251 DEBUG [org.apache.jasper.servlet.JspServlet@http-nio-8080-exec-1] JspEngine --> /WEB-INF/views/master/page.jsp 
2022-04-03 15:32:47.252 DEBUG [org.apache.jasper.servlet.JspServlet@http-nio-8080-exec-1] ServletPath: /WEB-INF/views/master/page.jsp 
2022-04-03 15:32:47.259 DEBUG [org.apache.jasper.servlet.JspServlet@http-nio-8080-exec-1] PathInfo: null 
2022-04-03 15:32:47.259 DEBUG [org.apache.jasper.servlet.JspServlet@http-nio-8080-exec-1] RealPath: D:\Universidad\DP 2\Practicas\Workspace-22.0\Projects\Acme-Toolkits\Acme-Toolkits\target\classes\WEB-INF\views\master\page.jsp 
2022-04-03 15:32:47.259 DEBUG [org.apache.jasper.servlet.JspServlet@http-nio-8080-exec-1] RequestURI: /acme-toolkits-22.1/WEB-INF/views/master/page.jsp 
2022-04-03 15:32:47.260 DEBUG [org.apache.jasper.servlet.JspServlet@http-nio-8080-exec-1] QueryString: null 
2022-04-03 15:32:47.283 DEBUG [org.apache.jasper.servlet.JspServlet@http-nio-8080-exec-1] JspEngine --> /WEB-INF/views/any/patron/list.jsp 
2022-04-03 15:32:47.283 DEBUG [org.apache.jasper.servlet.JspServlet@http-nio-8080-exec-1] ServletPath: /WEB-INF/views/master/page.jsp 
2022-04-03 15:32:47.284 DEBUG [org.apache.jasper.servlet.JspServlet@http-nio-8080-exec-1] PathInfo: null 
2022-04-03 15:32:47.284 DEBUG [org.apache.jasper.servlet.JspServlet@http-nio-8080-exec-1] RealPath: D:\Universidad\DP 2\Practicas\Workspace-22.0\Projects\Acme-Toolkits\Acme-Toolkits\target\classes\WEB-INF\views\any\patron\list.jsp 
2022-04-03 15:32:47.284 DEBUG [org.apache.jasper.servlet.JspServlet@http-nio-8080-exec-1] RequestURI: /acme-toolkits-22.1/WEB-INF/views/master/page.jsp 
2022-04-03 15:32:47.284 DEBUG [org.apache.jasper.servlet.JspServlet@http-nio-8080-exec-1] QueryString: null 
2022-04-03 15:32:47.879 DEBUG [acme.framework.controllers.AbstractController@http-nio-8080-exec-4] DISPATCHING GET /acme-toolkits-22.1/any/patron/list 
2022-04-03 15:32:47.879 DEBUG [acme.framework.controllers.AbstractController@http-nio-8080-exec-4] Command: list 
2022-04-03 15:32:47.879 DEBUG [acme.framework.controllers.AbstractController@http-nio-8080-exec-4] Model:   {} 
2022-04-03 15:32:47.879 DEBUG [acme.framework.controllers.AbstractController@http-nio-8080-exec-4] Locale:  es 
2022-04-03 15:32:47.880 DEBUG [org.hibernate.SQL@http-nio-8080-exec-4] select patron0_.id as id1_0_, patron0_.version as version2_0_, patron0_.user_account_id as user_acc1_18_, patron0_.company as company1_10_, patron0_.link as link2_10_, patron0_.statement as statemen3_10_ from patron patron0_ 
2022-04-03 15:32:47.881 DEBUG [org.hibernate.SQL@http-nio-8080-exec-4] select useraccoun0_.id as id1_0_0_, useraccoun0_.version as version2_0_0_, useraccoun0_.enabled as enabled1_17_0_, useraccoun0_.identity as identity2_17_0_, useraccoun0_.password as password3_17_0_, useraccoun0_.username as username4_17_0_ from user_account useraccoun0_ where useraccoun0_.id=? 
2022-04-03 15:32:47.881 TRACE [org.hibernate.type.descriptor.sql.BasicBinder@http-nio-8080-exec-4] binding parameter [1] as [INTEGER] - [10] 
2022-04-03 15:32:47.882 DEBUG [org.hibernate.SQL@http-nio-8080-exec-4] select useraccoun0_.id as id1_0_0_, useraccoun0_.version as version2_0_0_, useraccoun0_.enabled as enabled1_17_0_, useraccoun0_.identity as identity2_17_0_, useraccoun0_.password as password3_17_0_, useraccoun0_.username as username4_17_0_ from user_account useraccoun0_ where useraccoun0_.id=? 
2022-04-03 15:32:47.882 TRACE [org.hibernate.type.descriptor.sql.BasicBinder@http-nio-8080-exec-4] binding parameter [1] as [INTEGER] - [11] 
2022-04-03 15:32:47.883 DEBUG [org.hibernate.SQL@http-nio-8080-exec-4] select useraccoun0_.id as id1_0_0_, useraccoun0_.version as version2_0_0_, useraccoun0_.enabled as enabled1_17_0_, useraccoun0_.identity as identity2_17_0_, useraccoun0_.password as password3_17_0_, useraccoun0_.username as username4_17_0_ from user_account useraccoun0_ where useraccoun0_.id=? 
2022-04-03 15:32:47.883 TRACE [org.hibernate.type.descriptor.sql.BasicBinder@http-nio-8080-exec-4] binding parameter [1] as [INTEGER] - [5] 
2022-04-03 15:32:47.884 DEBUG [org.hibernate.SQL@http-nio-8080-exec-4] select useraccoun0_.id as id1_0_0_, useraccoun0_.version as version2_0_0_, useraccoun0_.enabled as enabled1_17_0_, useraccoun0_.identity as identity2_17_0_, useraccoun0_.password as password3_17_0_, useraccoun0_.username as username4_17_0_ from user_account useraccoun0_ where useraccoun0_.id=? 
2022-04-03 15:32:47.884 TRACE [org.hibernate.type.descriptor.sql.BasicBinder@http-nio-8080-exec-4] binding parameter [1] as [INTEGER] - [7] 
2022-04-03 15:32:47.885 DEBUG [org.hibernate.SQL@http-nio-8080-exec-4] select useraccoun0_.id as id1_0_0_, useraccoun0_.version as version2_0_0_, useraccoun0_.enabled as enabled1_17_0_, useraccoun0_.identity as identity2_17_0_, useraccoun0_.password as password3_17_0_, useraccoun0_.username as username4_17_0_ from user_account useraccoun0_ where useraccoun0_.id=? 
2022-04-03 15:32:47.885 TRACE [org.hibernate.type.descriptor.sql.BasicBinder@http-nio-8080-exec-4] binding parameter [1] as [INTEGER] - [13] 
2022-04-03 15:32:47.886 DEBUG [org.hibernate.SQL@http-nio-8080-exec-4] select useraccoun0_.id as id1_0_0_, useraccoun0_.version as version2_0_0_, useraccoun0_.enabled as enabled1_17_0_, useraccoun0_.identity as identity2_17_0_, useraccoun0_.password as password3_17_0_, useraccoun0_.username as username4_17_0_ from user_account useraccoun0_ where useraccoun0_.id=? 
2022-04-03 15:32:47.886 TRACE [org.hibernate.type.descriptor.sql.BasicBinder@http-nio-8080-exec-4] binding parameter [1] as [INTEGER] - [14] 
2022-04-03 15:32:47.888 DEBUG [acme.framework.controllers.AbstractController@http-nio-8080-exec-4] SERVING GET /acme-toolkits-22.1/any/patron/list 
2022-04-03 15:32:47.889 DEBUG [acme.framework.controllers.AbstractController@http-nio-8080-exec-4] Result: ModelAndView [view="any/patron/list"; model={list$size=0, command=list, principal=acme.framework.entities.Principal@4fbf178c}] 
2022-04-03 15:32:47.889 DEBUG [acme.framework.components.tiles.DynamicTilesView@http-nio-8080-exec-4] View name 'any/patron/list', model {list$size=0, command=list, principal=acme.framework.entities.Principal@4fbf178c, org.springframework.validation.BindingResult.principal=org.springframework.validation.BeanPropertyBindingResult: 0 errors} 
2022-04-03 15:32:47.890 DEBUG [org.apache.jasper.servlet.JspServlet@http-nio-8080-exec-4] JspEngine --> /WEB-INF/views/master/page.jsp 
2022-04-03 15:32:47.890 DEBUG [org.apache.jasper.servlet.JspServlet@http-nio-8080-exec-4] ServletPath: /WEB-INF/views/master/page.jsp 
2022-04-03 15:32:47.890 DEBUG [org.apache.jasper.servlet.JspServlet@http-nio-8080-exec-4] PathInfo: null 
2022-04-03 15:32:47.891 DEBUG [org.apache.jasper.servlet.JspServlet@http-nio-8080-exec-4] RealPath: D:\Universidad\DP 2\Practicas\Workspace-22.0\Projects\Acme-Toolkits\Acme-Toolkits\target\classes\WEB-INF\views\master\page.jsp 
2022-04-03 15:32:47.891 DEBUG [org.apache.jasper.servlet.JspServlet@http-nio-8080-exec-4] RequestURI: /acme-toolkits-22.1/WEB-INF/views/master/page.jsp 
2022-04-03 15:32:47.891 DEBUG [org.apache.jasper.servlet.JspServlet@http-nio-8080-exec-4] QueryString: null 
2022-04-03 15:32:47.927 DEBUG [org.apache.jasper.servlet.JspServlet@http-nio-8080-exec-4] JspEngine --> /WEB-INF/views/any/patron/list.jsp 
2022-04-03 15:32:47.928 DEBUG [org.apache.jasper.servlet.JspServlet@http-nio-8080-exec-4] ServletPath: /WEB-INF/views/master/page.jsp 
2022-04-03 15:32:47.928 DEBUG [org.apache.jasper.servlet.JspServlet@http-nio-8080-exec-4] PathInfo: null 
2022-04-03 15:32:47.929 DEBUG [org.apache.jasper.servlet.JspServlet@http-nio-8080-exec-4] RealPath: D:\Universidad\DP 2\Practicas\Workspace-22.0\Projects\Acme-Toolkits\Acme-Toolkits\target\classes\WEB-INF\views\any\patron\list.jsp 
2022-04-03 15:32:47.929 DEBUG [org.apache.jasper.servlet.JspServlet@http-nio-8080-exec-4] RequestURI: /acme-toolkits-22.1/WEB-INF/views/master/page.jsp 
2022-04-03 15:32:47.929 DEBUG [org.apache.jasper.servlet.JspServlet@http-nio-8080-exec-4] QueryString: null 
