2022-04-13 14:39:11.632 INFO  [acme.Launcher@main] Starting Launcher using Java 1.8.0_281 on DESKTOP-T6DR3K2 with PID 2168 (D:\Universidad\DP 2\Practicas\Workspace-22.0\Frameworks\Acme-Framework-22.3\target\classes started by borja in D:\Universidad\DP 2\Practicas\Workspace-22.0\Projects\Acme-Toolkits\Acme-Toolkits) 
2022-04-13 14:39:11.633 DEBUG [acme.Launcher@main] Running with Spring Boot v2.4.2, Spring v5.3.3 
2022-04-13 14:39:11.634 INFO  [acme.Launcher@main] The following profiles are active: development,default 
2022-04-13 14:39:13.309 DEBUG [org.apache.jasper.servlet.JasperInitializer@main] Initializing Jasper for context [application] 
2022-04-13 14:39:16.635 DEBUG [org.apache.jasper.servlet.JspServlet@main] Scratch dir for the JSP engine is: [C:\Users\borja\AppData\Local\Temp\tomcat.8080.3498105553843514935\work\Tomcat\localhost\acme-toolkits-22.1] 
2022-04-13 14:39:16.637 DEBUG [org.apache.jasper.servlet.JspServlet@main] IMPORTANT: Do not modify the generated servlets 
2022-04-13 14:39:16.646 INFO  [acme.Launcher@main] Started Launcher in 5.476 seconds (JVM running for 5.895) 
2022-04-13 14:39:16.652 DEBUG [acme.Launcher@main] Found classpath entry '/D:/Universidad/DP%202/Practicas/Workspace-22.0/Projects/Acme-Toolkits/Acme-Toolkits/target/test-classes/' 
2022-04-13 14:39:16.652 DEBUG [acme.Launcher@main] Found classpath entry '/D:/Universidad/DP%202/Practicas/Workspace-22.0/Projects/Acme-Toolkits/Acme-Toolkits/target/classes/' 
2022-04-13 14:39:16.652 DEBUG [acme.Launcher@main] Found classpath entry '/D:/Universidad/DP%202/Practicas/Workspace-22.0/Frameworks/Acme-Framework-22.3/target/classes/' 
2022-04-13 14:39:16.652 DEBUG [acme.Launcher@main] Found classpath entry '/D:/Universidad/DP%202/Practicas/Workspace-22.0/Frameworks/Acme-Framework-22.3/target/test-classes/' 
2022-04-13 14:39:16.652 DEBUG [acme.Launcher@main] Found classpath entry '/C:/Users/borja/.m2/repository/org/springframework/boot/spring-boot-starter-tomcat/2.4.2/spring-boot-starter-tomcat-2.4.2.jar' 
2022-04-13 14:39:16.653 DEBUG [acme.Launcher@main] Found classpath entry '/C:/Users/borja/.m2/repository/jakarta/annotation/jakarta.annotation-api/1.3.5/jakarta.annotation-api-1.3.5.jar' 
2022-04-13 14:39:16.653 DEBUG [acme.Launcher@main] Found classpath entry '/C:/Users/borja/.m2/repository/org/apache/tomcat/embed/tomcat-embed-core/9.0.41/tomcat-embed-core-9.0.41.jar' 
2022-04-13 14:39:16.653 DEBUG [acme.Launcher@main] Found classpath entry '/C:/Users/borja/.m2/repository/org/glassfish/jakarta.el/3.0.3/jakarta.el-3.0.3.jar' 
2022-04-13 14:39:16.653 DEBUG [acme.Launcher@main] Found classpath entry '/C:/Users/borja/.m2/repository/org/apache/tomcat/embed/tomcat-embed-websocket/9.0.41/tomcat-embed-websocket-9.0.41.jar' 
2022-04-13 14:39:16.653 DEBUG [acme.Launcher@main] Found classpath entry '/C:/Users/borja/.m2/repository/org/apache/tomcat/embed/tomcat-embed-jasper/9.0.41/tomcat-embed-jasper-9.0.41.jar' 
2022-04-13 14:39:16.653 DEBUG [acme.Launcher@main] Found classpath entry '/C:/Users/borja/.m2/repository/org/apache/tomcat/embed/tomcat-embed-el/9.0.41/tomcat-embed-el-9.0.41.jar' 
2022-04-13 14:39:16.653 DEBUG [acme.Launcher@main] Found classpath entry '/C:/Users/borja/.m2/repository/org/eclipse/jdt/ecj/3.18.0/ecj-3.18.0.jar' 
2022-04-13 14:39:16.653 DEBUG [acme.Launcher@main] Found classpath entry '/C:/Users/borja/.m2/repository/javax/servlet/jstl/1.2/jstl-1.2.jar' 
2022-04-13 14:39:16.654 DEBUG [acme.Launcher@main] Found classpath entry '/C:/Users/borja/.m2/repository/org/springframework/boot/spring-boot-starter-test/2.4.2/spring-boot-starter-test-2.4.2.jar' 
2022-04-13 14:39:16.654 DEBUG [acme.Launcher@main] Found classpath entry '/C:/Users/borja/.m2/repository/org/springframework/boot/spring-boot-starter/2.4.2/spring-boot-starter-2.4.2.jar' 
2022-04-13 14:39:16.654 DEBUG [acme.Launcher@main] Found classpath entry '/C:/Users/borja/.m2/repository/org/springframework/boot/spring-boot/2.4.2/spring-boot-2.4.2.jar' 
2022-04-13 14:39:16.654 DEBUG [acme.Launcher@main] Found classpath entry '/C:/Users/borja/.m2/repository/org/springframework/boot/spring-boot-autoconfigure/2.4.2/spring-boot-autoconfigure-2.4.2.jar' 
2022-04-13 14:39:16.654 DEBUG [acme.Launcher@main] Found classpath entry '/C:/Users/borja/.m2/repository/org/springframework/boot/spring-boot-starter-logging/2.4.2/spring-boot-starter-logging-2.4.2.jar' 
2022-04-13 14:39:16.654 DEBUG [acme.Launcher@main] Found classpath entry '/C:/Users/borja/.m2/repository/ch/qos/logback/logback-classic/1.2.3/logback-classic-1.2.3.jar' 
2022-04-13 14:39:16.654 DEBUG [acme.Launcher@main] Found classpath entry '/C:/Users/borja/.m2/repository/ch/qos/logback/logback-core/1.2.3/logback-core-1.2.3.jar' 
2022-04-13 14:39:16.655 DEBUG [acme.Launcher@main] Found classpath entry '/C:/Users/borja/.m2/repository/org/apache/logging/log4j/log4j-to-slf4j/2.13.3/log4j-to-slf4j-2.13.3.jar' 
2022-04-13 14:39:16.655 DEBUG [acme.Launcher@main] Found classpath entry '/C:/Users/borja/.m2/repository/org/apache/logging/log4j/log4j-api/2.13.3/log4j-api-2.13.3.jar' 
2022-04-13 14:39:16.655 DEBUG [acme.Launcher@main] Found classpath entry '/C:/Users/borja/.m2/repository/org/slf4j/jul-to-slf4j/1.7.30/jul-to-slf4j-1.7.30.jar' 
2022-04-13 14:39:16.655 DEBUG [acme.Launcher@main] Found classpath entry '/C:/Users/borja/.m2/repository/org/yaml/snakeyaml/1.27/snakeyaml-1.27.jar' 
2022-04-13 14:39:16.655 DEBUG [acme.Launcher@main] Found classpath entry '/C:/Users/borja/.m2/repository/org/springframework/boot/spring-boot-test/2.4.2/spring-boot-test-2.4.2.jar' 
2022-04-13 14:39:16.655 DEBUG [acme.Launcher@main] Found classpath entry '/C:/Users/borja/.m2/repository/org/springframework/boot/spring-boot-test-autoconfigure/2.4.2/spring-boot-test-autoconfigure-2.4.2.jar' 
2022-04-13 14:39:16.655 DEBUG [acme.Launcher@main] Found classpath entry '/C:/Users/borja/.m2/repository/com/jayway/jsonpath/json-path/2.4.0/json-path-2.4.0.jar' 
2022-04-13 14:39:16.656 DEBUG [acme.Launcher@main] Found classpath entry '/C:/Users/borja/.m2/repository/net/minidev/json-smart/2.3/json-smart-2.3.jar' 
2022-04-13 14:39:16.656 DEBUG [acme.Launcher@main] Found classpath entry '/C:/Users/borja/.m2/repository/net/minidev/accessors-smart/1.2/accessors-smart-1.2.jar' 
2022-04-13 14:39:16.656 DEBUG [acme.Launcher@main] Found classpath entry '/C:/Users/borja/.m2/repository/org/ow2/asm/asm/5.0.4/asm-5.0.4.jar' 
2022-04-13 14:39:16.656 DEBUG [acme.Launcher@main] Found classpath entry '/C:/Users/borja/.m2/repository/jakarta/xml/bind/jakarta.xml.bind-api/2.3.3/jakarta.xml.bind-api-2.3.3.jar' 
2022-04-13 14:39:16.656 DEBUG [acme.Launcher@main] Found classpath entry '/C:/Users/borja/.m2/repository/jakarta/activation/jakarta.activation-api/1.2.2/jakarta.activation-api-1.2.2.jar' 
2022-04-13 14:39:16.656 DEBUG [acme.Launcher@main] Found classpath entry '/C:/Users/borja/.m2/repository/org/assertj/assertj-core/3.18.1/assertj-core-3.18.1.jar' 
2022-04-13 14:39:16.657 DEBUG [acme.Launcher@main] Found classpath entry '/C:/Users/borja/.m2/repository/org/hamcrest/hamcrest/2.2/hamcrest-2.2.jar' 
2022-04-13 14:39:16.657 DEBUG [acme.Launcher@main] Found classpath entry '/C:/Users/borja/.m2/repository/org/junit/jupiter/junit-jupiter/5.7.0/junit-jupiter-5.7.0.jar' 
2022-04-13 14:39:16.657 DEBUG [acme.Launcher@main] Found classpath entry '/C:/Users/borja/.m2/repository/org/mockito/mockito-core/3.6.28/mockito-core-3.6.28.jar' 
2022-04-13 14:39:16.657 DEBUG [acme.Launcher@main] Found classpath entry '/C:/Users/borja/.m2/repository/net/bytebuddy/byte-buddy-agent/1.10.19/byte-buddy-agent-1.10.19.jar' 
2022-04-13 14:39:16.657 DEBUG [acme.Launcher@main] Found classpath entry '/C:/Users/borja/.m2/repository/org/objenesis/objenesis/3.1/objenesis-3.1.jar' 
2022-04-13 14:39:16.657 DEBUG [acme.Launcher@main] Found classpath entry '/C:/Users/borja/.m2/repository/org/mockito/mockito-junit-jupiter/3.6.28/mockito-junit-jupiter-3.6.28.jar' 
2022-04-13 14:39:16.657 DEBUG [acme.Launcher@main] Found classpath entry '/C:/Users/borja/.m2/repository/org/skyscreamer/jsonassert/1.5.0/jsonassert-1.5.0.jar' 
2022-04-13 14:39:16.657 DEBUG [acme.Launcher@main] Found classpath entry '/C:/Users/borja/.m2/repository/com/vaadin/external/google/android-json/0.0.20131108.vaadin1/android-json-0.0.20131108.vaadin1.jar' 
2022-04-13 14:39:16.657 DEBUG [acme.Launcher@main] Found classpath entry '/C:/Users/borja/.m2/repository/org/springframework/spring-core/5.3.3/spring-core-5.3.3.jar' 
2022-04-13 14:39:16.658 DEBUG [acme.Launcher@main] Found classpath entry '/C:/Users/borja/.m2/repository/org/springframework/spring-jcl/5.3.3/spring-jcl-5.3.3.jar' 
2022-04-13 14:39:16.658 DEBUG [acme.Launcher@main] Found classpath entry '/C:/Users/borja/.m2/repository/org/springframework/spring-test/5.3.3/spring-test-5.3.3.jar' 
2022-04-13 14:39:16.658 DEBUG [acme.Launcher@main] Found classpath entry '/C:/Users/borja/.m2/repository/org/xmlunit/xmlunit-core/2.7.0/xmlunit-core-2.7.0.jar' 
2022-04-13 14:39:16.658 DEBUG [acme.Launcher@main] Found classpath entry '/C:/Users/borja/.m2/repository/org/springframework/boot/spring-boot-starter-security/2.4.2/spring-boot-starter-security-2.4.2.jar' 
2022-04-13 14:39:16.658 DEBUG [acme.Launcher@main] Found classpath entry '/C:/Users/borja/.m2/repository/org/springframework/spring-aop/5.3.3/spring-aop-5.3.3.jar' 
2022-04-13 14:39:16.658 DEBUG [acme.Launcher@main] Found classpath entry '/C:/Users/borja/.m2/repository/org/springframework/security/spring-security-web/5.4.2/spring-security-web-5.4.2.jar' 
2022-04-13 14:39:16.658 DEBUG [acme.Launcher@main] Found classpath entry '/C:/Users/borja/.m2/repository/org/springframework/security/spring-security-core/5.4.2/spring-security-core-5.4.2.jar' 
2022-04-13 14:39:16.659 DEBUG [acme.Launcher@main] Found classpath entry '/C:/Users/borja/.m2/repository/org/springframework/spring-beans/5.3.3/spring-beans-5.3.3.jar' 
2022-04-13 14:39:16.659 DEBUG [acme.Launcher@main] Found classpath entry '/C:/Users/borja/.m2/repository/org/springframework/spring-context/5.3.3/spring-context-5.3.3.jar' 
2022-04-13 14:39:16.659 DEBUG [acme.Launcher@main] Found classpath entry '/C:/Users/borja/.m2/repository/org/springframework/spring-expression/5.3.3/spring-expression-5.3.3.jar' 
2022-04-13 14:39:16.659 DEBUG [acme.Launcher@main] Found classpath entry '/C:/Users/borja/.m2/repository/org/springframework/spring-web/5.3.3/spring-web-5.3.3.jar' 
2022-04-13 14:39:16.659 DEBUG [acme.Launcher@main] Found classpath entry '/C:/Users/borja/.m2/repository/org/springframework/security/spring-security-config/5.4.2/spring-security-config-5.4.2.jar' 
2022-04-13 14:39:16.659 DEBUG [acme.Launcher@main] Found classpath entry '/C:/Users/borja/.m2/repository/org/springframework/security/spring-security-taglibs/5.4.2/spring-security-taglibs-5.4.2.jar' 
2022-04-13 14:39:16.659 DEBUG [acme.Launcher@main] Found classpath entry '/C:/Users/borja/.m2/repository/org/springframework/security/spring-security-acl/5.4.2/spring-security-acl-5.4.2.jar' 
2022-04-13 14:39:16.659 DEBUG [acme.Launcher@main] Found classpath entry '/C:/Users/borja/.m2/repository/org/springframework/spring-jdbc/5.3.3/spring-jdbc-5.3.3.jar' 
2022-04-13 14:39:16.659 DEBUG [acme.Launcher@main] Found classpath entry '/C:/Users/borja/.m2/repository/org/springframework/spring-tx/5.3.3/spring-tx-5.3.3.jar' 
2022-04-13 14:39:16.660 DEBUG [acme.Launcher@main] Found classpath entry '/C:/Users/borja/.m2/repository/org/springframework/boot/spring-boot-starter-web/2.4.2/spring-boot-starter-web-2.4.2.jar' 
2022-04-13 14:39:16.660 DEBUG [acme.Launcher@main] Found classpath entry '/C:/Users/borja/.m2/repository/org/springframework/boot/spring-boot-starter-json/2.4.2/spring-boot-starter-json-2.4.2.jar' 
2022-04-13 14:39:16.660 DEBUG [acme.Launcher@main] Found classpath entry '/C:/Users/borja/.m2/repository/com/fasterxml/jackson/core/jackson-databind/2.11.4/jackson-databind-2.11.4.jar' 
2022-04-13 14:39:16.660 DEBUG [acme.Launcher@main] Found classpath entry '/C:/Users/borja/.m2/repository/com/fasterxml/jackson/core/jackson-annotations/2.11.4/jackson-annotations-2.11.4.jar' 
2022-04-13 14:39:16.660 DEBUG [acme.Launcher@main] Found classpath entry '/C:/Users/borja/.m2/repository/com/fasterxml/jackson/core/jackson-core/2.11.4/jackson-core-2.11.4.jar' 
2022-04-13 14:39:16.660 DEBUG [acme.Launcher@main] Found classpath entry '/C:/Users/borja/.m2/repository/com/fasterxml/jackson/datatype/jackson-datatype-jdk8/2.11.4/jackson-datatype-jdk8-2.11.4.jar' 
2022-04-13 14:39:16.660 DEBUG [acme.Launcher@main] Found classpath entry '/C:/Users/borja/.m2/repository/com/fasterxml/jackson/datatype/jackson-datatype-jsr310/2.11.4/jackson-datatype-jsr310-2.11.4.jar' 
2022-04-13 14:39:16.660 DEBUG [acme.Launcher@main] Found classpath entry '/C:/Users/borja/.m2/repository/com/fasterxml/jackson/module/jackson-module-parameter-names/2.11.4/jackson-module-parameter-names-2.11.4.jar' 
2022-04-13 14:39:16.661 DEBUG [acme.Launcher@main] Found classpath entry '/C:/Users/borja/.m2/repository/org/springframework/spring-webmvc/5.3.3/spring-webmvc-5.3.3.jar' 
2022-04-13 14:39:16.661 DEBUG [acme.Launcher@main] Found classpath entry '/C:/Users/borja/.m2/repository/org/apache/tiles/tiles-jsp/3.0.8/tiles-jsp-3.0.8.jar' 
2022-04-13 14:39:16.661 DEBUG [acme.Launcher@main] Found classpath entry '/C:/Users/borja/.m2/repository/org/apache/tiles/tiles-servlet/3.0.8/tiles-servlet-3.0.8.jar' 
2022-04-13 14:39:16.661 DEBUG [acme.Launcher@main] Found classpath entry '/C:/Users/borja/.m2/repository/org/apache/tiles/tiles-core/3.0.8/tiles-core-3.0.8.jar' 
2022-04-13 14:39:16.661 DEBUG [acme.Launcher@main] Found classpath entry '/C:/Users/borja/.m2/repository/commons-digester/commons-digester/2.0/commons-digester-2.0.jar' 
2022-04-13 14:39:16.661 DEBUG [acme.Launcher@main] Found classpath entry '/C:/Users/borja/.m2/repository/org/slf4j/jcl-over-slf4j/1.7.30/jcl-over-slf4j-1.7.30.jar' 
2022-04-13 14:39:16.661 DEBUG [acme.Launcher@main] Found classpath entry '/C:/Users/borja/.m2/repository/org/apache/tiles/tiles-request-servlet/1.0.7/tiles-request-servlet-1.0.7.jar' 
2022-04-13 14:39:16.661 DEBUG [acme.Launcher@main] Found classpath entry '/C:/Users/borja/.m2/repository/org/apache/tiles/tiles-template/3.0.8/tiles-template-3.0.8.jar' 
2022-04-13 14:39:16.662 DEBUG [acme.Launcher@main] Found classpath entry '/C:/Users/borja/.m2/repository/org/apache/tiles/tiles-api/3.0.8/tiles-api-3.0.8.jar' 
2022-04-13 14:39:16.662 DEBUG [acme.Launcher@main] Found classpath entry '/C:/Users/borja/.m2/repository/org/apache/tiles/tiles-autotag-core-runtime/1.2/tiles-autotag-core-runtime-1.2.jar' 
2022-04-13 14:39:16.662 DEBUG [acme.Launcher@main] Found classpath entry '/C:/Users/borja/.m2/repository/org/slf4j/slf4j-api/1.7.30/slf4j-api-1.7.30.jar' 
2022-04-13 14:39:16.662 DEBUG [acme.Launcher@main] Found classpath entry '/C:/Users/borja/.m2/repository/org/apache/tiles/tiles-request-jsp/1.0.7/tiles-request-jsp-1.0.7.jar' 
2022-04-13 14:39:16.662 DEBUG [acme.Launcher@main] Found classpath entry '/C:/Users/borja/.m2/repository/org/apache/tiles/tiles-request-api/1.0.7/tiles-request-api-1.0.7.jar' 
2022-04-13 14:39:16.662 DEBUG [acme.Launcher@main] Found classpath entry '/C:/Users/borja/.m2/repository/org/springframework/boot/spring-boot-starter-data-jpa/2.4.2/spring-boot-starter-data-jpa-2.4.2.jar' 
2022-04-13 14:39:16.662 DEBUG [acme.Launcher@main] Found classpath entry '/C:/Users/borja/.m2/repository/org/springframework/boot/spring-boot-starter-aop/2.4.2/spring-boot-starter-aop-2.4.2.jar' 
2022-04-13 14:39:16.662 DEBUG [acme.Launcher@main] Found classpath entry '/C:/Users/borja/.m2/repository/org/aspectj/aspectjweaver/1.9.6/aspectjweaver-1.9.6.jar' 
2022-04-13 14:39:16.663 DEBUG [acme.Launcher@main] Found classpath entry '/C:/Users/borja/.m2/repository/org/springframework/boot/spring-boot-starter-jdbc/2.4.2/spring-boot-starter-jdbc-2.4.2.jar' 
2022-04-13 14:39:16.663 DEBUG [acme.Launcher@main] Found classpath entry '/C:/Users/borja/.m2/repository/jakarta/transaction/jakarta.transaction-api/1.3.3/jakarta.transaction-api-1.3.3.jar' 
2022-04-13 14:39:16.663 DEBUG [acme.Launcher@main] Found classpath entry '/C:/Users/borja/.m2/repository/jakarta/persistence/jakarta.persistence-api/2.2.3/jakarta.persistence-api-2.2.3.jar' 
2022-04-13 14:39:16.663 DEBUG [acme.Launcher@main] Found classpath entry '/C:/Users/borja/.m2/repository/org/hibernate/hibernate-core/5.4.27.Final/hibernate-core-5.4.27.Final.jar' 
2022-04-13 14:39:16.663 DEBUG [acme.Launcher@main] Found classpath entry '/C:/Users/borja/.m2/repository/org/jboss/logging/jboss-logging/3.4.1.Final/jboss-logging-3.4.1.Final.jar' 
2022-04-13 14:39:16.663 DEBUG [acme.Launcher@main] Found classpath entry '/C:/Users/borja/.m2/repository/org/javassist/javassist/3.27.0-GA/javassist-3.27.0-GA.jar' 
2022-04-13 14:39:16.663 DEBUG [acme.Launcher@main] Found classpath entry '/C:/Users/borja/.m2/repository/antlr/antlr/2.7.7/antlr-2.7.7.jar' 
2022-04-13 14:39:16.663 DEBUG [acme.Launcher@main] Found classpath entry '/C:/Users/borja/.m2/repository/org/jboss/jandex/2.1.3.Final/jandex-2.1.3.Final.jar' 
2022-04-13 14:39:16.663 DEBUG [acme.Launcher@main] Found classpath entry '/C:/Users/borja/.m2/repository/com/fasterxml/classmate/1.5.1/classmate-1.5.1.jar' 
2022-04-13 14:39:16.664 DEBUG [acme.Launcher@main] Found classpath entry '/C:/Users/borja/.m2/repository/org/dom4j/dom4j/2.1.3/dom4j-2.1.3.jar' 
2022-04-13 14:39:16.664 DEBUG [acme.Launcher@main] Found classpath entry '/C:/Users/borja/.m2/repository/org/hibernate/common/hibernate-commons-annotations/5.1.2.Final/hibernate-commons-annotations-5.1.2.Final.jar' 
2022-04-13 14:39:16.664 DEBUG [acme.Launcher@main] Found classpath entry '/C:/Users/borja/.m2/repository/org/glassfish/jaxb/jaxb-runtime/2.3.3/jaxb-runtime-2.3.3.jar' 
2022-04-13 14:39:16.664 DEBUG [acme.Launcher@main] Found classpath entry '/C:/Users/borja/.m2/repository/org/glassfish/jaxb/txw2/2.3.3/txw2-2.3.3.jar' 
2022-04-13 14:39:16.664 DEBUG [acme.Launcher@main] Found classpath entry '/C:/Users/borja/.m2/repository/com/sun/istack/istack-commons-runtime/3.0.11/istack-commons-runtime-3.0.11.jar' 
2022-04-13 14:39:16.664 DEBUG [acme.Launcher@main] Found classpath entry '/C:/Users/borja/.m2/repository/com/sun/activation/jakarta.activation/1.2.2/jakarta.activation-1.2.2.jar' 
2022-04-13 14:39:16.664 DEBUG [acme.Launcher@main] Found classpath entry '/C:/Users/borja/.m2/repository/org/springframework/data/spring-data-jpa/2.4.3/spring-data-jpa-2.4.3.jar' 
2022-04-13 14:39:16.664 DEBUG [acme.Launcher@main] Found classpath entry '/C:/Users/borja/.m2/repository/org/springframework/data/spring-data-commons/2.4.3/spring-data-commons-2.4.3.jar' 
2022-04-13 14:39:16.664 DEBUG [acme.Launcher@main] Found classpath entry '/C:/Users/borja/.m2/repository/org/springframework/spring-orm/5.3.3/spring-orm-5.3.3.jar' 
2022-04-13 14:39:16.665 DEBUG [acme.Launcher@main] Found classpath entry '/C:/Users/borja/.m2/repository/org/springframework/spring-aspects/5.3.3/spring-aspects-5.3.3.jar' 
2022-04-13 14:39:16.665 DEBUG [acme.Launcher@main] Found classpath entry '/C:/Users/borja/.m2/repository/org/springframework/boot/spring-boot-starter-validation/2.4.2/spring-boot-starter-validation-2.4.2.jar' 
2022-04-13 14:39:16.665 DEBUG [acme.Launcher@main] Found classpath entry '/C:/Users/borja/.m2/repository/org/hibernate/validator/hibernate-validator/6.1.7.Final/hibernate-validator-6.1.7.Final.jar' 
2022-04-13 14:39:16.665 DEBUG [acme.Launcher@main] Found classpath entry '/C:/Users/borja/.m2/repository/jakarta/validation/jakarta.validation-api/2.0.2/jakarta.validation-api-2.0.2.jar' 
2022-04-13 14:39:16.665 DEBUG [acme.Launcher@main] Found classpath entry '/C:/Users/borja/.m2/repository/mysql/mysql-connector-java/8.0.22/mysql-connector-java-8.0.22.jar' 
2022-04-13 14:39:16.665 DEBUG [acme.Launcher@main] Found classpath entry '/C:/Users/borja/.m2/repository/com/zaxxer/HikariCP/3.4.5/HikariCP-3.4.5.jar' 
2022-04-13 14:39:16.665 DEBUG [acme.Launcher@main] Found classpath entry '/C:/Users/borja/.m2/repository/org/junit/jupiter/junit-jupiter-engine/5.7.0/junit-jupiter-engine-5.7.0.jar' 
2022-04-13 14:39:16.665 DEBUG [acme.Launcher@main] Found classpath entry '/C:/Users/borja/.m2/repository/org/apiguardian/apiguardian-api/1.1.0/apiguardian-api-1.1.0.jar' 
2022-04-13 14:39:16.665 DEBUG [acme.Launcher@main] Found classpath entry '/C:/Users/borja/.m2/repository/org/junit/platform/junit-platform-engine/1.7.0/junit-platform-engine-1.7.0.jar' 
2022-04-13 14:39:16.665 DEBUG [acme.Launcher@main] Found classpath entry '/C:/Users/borja/.m2/repository/org/junit/jupiter/junit-jupiter-api/5.7.0/junit-jupiter-api-5.7.0.jar' 
2022-04-13 14:39:16.666 DEBUG [acme.Launcher@main] Found classpath entry '/C:/Users/borja/.m2/repository/org/opentest4j/opentest4j/1.2.0/opentest4j-1.2.0.jar' 
2022-04-13 14:39:16.666 DEBUG [acme.Launcher@main] Found classpath entry '/C:/Users/borja/.m2/repository/org/junit/platform/junit-platform-commons/1.7.0/junit-platform-commons-1.7.0.jar' 
2022-04-13 14:39:16.666 DEBUG [acme.Launcher@main] Found classpath entry '/C:/Users/borja/.m2/repository/org/junit/jupiter/junit-jupiter-params/5.7.0/junit-jupiter-params-5.7.0.jar' 
2022-04-13 14:39:16.666 DEBUG [acme.Launcher@main] Found classpath entry '/C:/Users/borja/.m2/repository/org/junit/platform/junit-platform-launcher/1.7.0/junit-platform-launcher-1.7.0.jar' 
2022-04-13 14:39:16.666 DEBUG [acme.Launcher@main] Found classpath entry '/C:/Users/borja/.m2/repository/org/seleniumhq/selenium/selenium-java/3.141.59/selenium-java-3.141.59.jar' 
2022-04-13 14:39:16.666 DEBUG [acme.Launcher@main] Found classpath entry '/C:/Users/borja/.m2/repository/org/seleniumhq/selenium/selenium-api/3.141.59/selenium-api-3.141.59.jar' 
2022-04-13 14:39:16.666 DEBUG [acme.Launcher@main] Found classpath entry '/C:/Users/borja/.m2/repository/org/seleniumhq/selenium/selenium-chrome-driver/3.141.59/selenium-chrome-driver-3.141.59.jar' 
2022-04-13 14:39:16.666 DEBUG [acme.Launcher@main] Found classpath entry '/C:/Users/borja/.m2/repository/org/seleniumhq/selenium/selenium-edge-driver/3.141.59/selenium-edge-driver-3.141.59.jar' 
2022-04-13 14:39:16.666 DEBUG [acme.Launcher@main] Found classpath entry '/C:/Users/borja/.m2/repository/org/seleniumhq/selenium/selenium-firefox-driver/3.141.59/selenium-firefox-driver-3.141.59.jar' 
2022-04-13 14:39:16.666 DEBUG [acme.Launcher@main] Found classpath entry '/C:/Users/borja/.m2/repository/org/seleniumhq/selenium/selenium-ie-driver/3.141.59/selenium-ie-driver-3.141.59.jar' 
2022-04-13 14:39:16.667 DEBUG [acme.Launcher@main] Found classpath entry '/C:/Users/borja/.m2/repository/org/seleniumhq/selenium/selenium-opera-driver/3.141.59/selenium-opera-driver-3.141.59.jar' 
2022-04-13 14:39:16.667 DEBUG [acme.Launcher@main] Found classpath entry '/C:/Users/borja/.m2/repository/org/seleniumhq/selenium/selenium-remote-driver/3.141.59/selenium-remote-driver-3.141.59.jar' 
2022-04-13 14:39:16.667 DEBUG [acme.Launcher@main] Found classpath entry '/C:/Users/borja/.m2/repository/org/seleniumhq/selenium/selenium-safari-driver/3.141.59/selenium-safari-driver-3.141.59.jar' 
2022-04-13 14:39:16.667 DEBUG [acme.Launcher@main] Found classpath entry '/C:/Users/borja/.m2/repository/org/seleniumhq/selenium/selenium-support/3.141.59/selenium-support-3.141.59.jar' 
2022-04-13 14:39:16.667 DEBUG [acme.Launcher@main] Found classpath entry '/C:/Users/borja/.m2/repository/net/bytebuddy/byte-buddy/1.10.19/byte-buddy-1.10.19.jar' 
2022-04-13 14:39:16.667 DEBUG [acme.Launcher@main] Found classpath entry '/C:/Users/borja/.m2/repository/org/apache/commons/commons-exec/1.3/commons-exec-1.3.jar' 
2022-04-13 14:39:16.667 DEBUG [acme.Launcher@main] Found classpath entry '/C:/Users/borja/.m2/repository/com/google/guava/guava/25.0-jre/guava-25.0-jre.jar' 
2022-04-13 14:39:16.667 DEBUG [acme.Launcher@main] Found classpath entry '/C:/Users/borja/.m2/repository/com/google/code/findbugs/jsr305/1.3.9/jsr305-1.3.9.jar' 
2022-04-13 14:39:16.667 DEBUG [acme.Launcher@main] Found classpath entry '/C:/Users/borja/.m2/repository/org/checkerframework/checker-compat-qual/2.0.0/checker-compat-qual-2.0.0.jar' 
2022-04-13 14:39:16.667 DEBUG [acme.Launcher@main] Found classpath entry '/C:/Users/borja/.m2/repository/com/google/errorprone/error_prone_annotations/2.1.3/error_prone_annotations-2.1.3.jar' 
2022-04-13 14:39:16.668 DEBUG [acme.Launcher@main] Found classpath entry '/C:/Users/borja/.m2/repository/com/google/j2objc/j2objc-annotations/1.1/j2objc-annotations-1.1.jar' 
2022-04-13 14:39:16.668 DEBUG [acme.Launcher@main] Found classpath entry '/C:/Users/borja/.m2/repository/org/codehaus/mojo/animal-sniffer-annotations/1.14/animal-sniffer-annotations-1.14.jar' 
2022-04-13 14:39:16.668 DEBUG [acme.Launcher@main] Found classpath entry '/C:/Users/borja/.m2/repository/com/squareup/okhttp3/okhttp/3.14.9/okhttp-3.14.9.jar' 
2022-04-13 14:39:16.668 DEBUG [acme.Launcher@main] Found classpath entry '/C:/Users/borja/.m2/repository/com/squareup/okio/okio/1.14.0/okio-1.14.0.jar' 
2022-04-13 14:39:16.668 DEBUG [acme.Launcher@main] Found classpath entry '/C:/Users/borja/.m2/repository/org/apache/commons/commons-lang3/3.11/commons-lang3-3.11.jar' 
2022-04-13 14:39:16.668 DEBUG [acme.Launcher@main] Found classpath entry '/C:/Users/borja/.m2/repository/org/apache/commons/commons-text/1.8/commons-text-1.8.jar' 
2022-04-13 14:39:16.668 DEBUG [acme.Launcher@main] Found classpath entry '/C:/Users/borja/.m2/repository/commons-io/commons-io/2.6/commons-io-2.6.jar' 
2022-04-13 14:39:16.668 DEBUG [acme.Launcher@main] Found classpath entry '/C:/Users/borja/.m2/repository/commons-cli/commons-cli/1.4/commons-cli-1.4.jar' 
2022-04-13 14:39:16.668 DEBUG [acme.Launcher@main] Found classpath entry '/C:/Users/borja/.m2/repository/org/projectlombok/lombok/1.18.16/lombok-1.18.16.jar' 
2022-04-13 14:39:16.668 DEBUG [acme.Launcher@main] Found classpath entry '/C:/Users/borja/.m2/repository/com/opencsv/opencsv/5.4/opencsv-5.4.jar' 
2022-04-13 14:39:16.668 DEBUG [acme.Launcher@main] Found classpath entry '/C:/Users/borja/.m2/repository/commons-beanutils/commons-beanutils/1.9.4/commons-beanutils-1.9.4.jar' 
2022-04-13 14:39:16.668 DEBUG [acme.Launcher@main] Found classpath entry '/C:/Users/borja/.m2/repository/commons-logging/commons-logging/1.2/commons-logging-1.2.jar' 
2022-04-13 14:39:16.669 DEBUG [acme.Launcher@main] Found classpath entry '/C:/Users/borja/.m2/repository/commons-collections/commons-collections/3.2.2/commons-collections-3.2.2.jar' 
2022-04-13 14:39:16.669 DEBUG [acme.Launcher@main] Found classpath entry '/C:/Users/borja/.m2/repository/org/apache/commons/commons-collections4/4.4/commons-collections4-4.4.jar' 
2022-04-13 14:39:16.741 DEBUG [acme.Launcher@main] Found entity class 'acme.entities.announcement.Announcement 
2022-04-13 14:39:16.742 DEBUG [acme.Launcher@main] Found entity class 'acme.entities.chirps.Chirp 
2022-04-13 14:39:16.742 DEBUG [acme.Launcher@main] Found entity class 'acme.entities.inventions.Invention 
2022-04-13 14:39:16.742 DEBUG [acme.Launcher@main] Found entity class 'acme.entities.patronage.Patronage 
2022-04-13 14:39:16.742 DEBUG [acme.Launcher@main] Found entity class 'acme.entities.patronageReports.PatronageReport 
2022-04-13 14:39:16.742 DEBUG [acme.Launcher@main] Found entity class 'acme.entities.quantity.Quantity 
2022-04-13 14:39:16.742 DEBUG [acme.Launcher@main] Found entity class 'acme.entities.systemConfiguration.SystemConfiguration 
2022-04-13 14:39:16.742 DEBUG [acme.Launcher@main] Found entity class 'acme.entities.toolkits.Toolkit 
2022-04-13 14:39:16.742 DEBUG [acme.Launcher@main] Found entity class 'acme.roles.Consumer 
2022-04-13 14:39:16.742 DEBUG [acme.Launcher@main] Found entity class 'acme.roles.Inventor 
2022-04-13 14:39:16.742 DEBUG [acme.Launcher@main] Found entity class 'acme.roles.Patron 
2022-04-13 14:39:16.742 DEBUG [acme.Launcher@main] Found entity class 'acme.roles.Provider 
2022-04-13 14:39:16.743 DEBUG [acme.Launcher@main] Found entity class 'acme.framework.entities.UserAccount 
2022-04-13 14:39:16.743 DEBUG [acme.Launcher@main] Found entity class 'acme.framework.roles.Administrator 
2022-04-13 14:39:16.743 DEBUG [acme.Launcher@main] Found entity class 'acme.framework.roles.Anonymous 
2022-04-13 14:39:16.743 DEBUG [acme.Launcher@main] Found entity class 'acme.framework.roles.Any 
2022-04-13 14:39:16.743 DEBUG [acme.Launcher@main] Found entity class 'acme.framework.roles.Authenticated 
2022-04-13 14:39:16.746 INFO  [acme.Launcher@main] Running application (Standalone) 
